2021-11-01 14:12:54,488 INFO  [Log] <<<<<<<<<<<<<         Execution Kick Off - Reading Master file         >>>>>>>>>>>>> 
2021-11-01 14:12:55,059 INFO  [Log] $$           Test Execution for Application : PREMIER           $$ 
2021-11-01 14:12:55,114 INFO  [Log] $$           Reading Test Case Details from 'PREMIER' sheet of Master file           $$ 
2021-11-01 14:12:55,114 INFO  [Log] **************************************************************************************** 
2021-11-01 14:12:55,114 INFO  [Log] $$     PREMIER_TC001 : LAUNCH AND LOGIN TO APPLICATION.CAPTURE CUSTOMER DETAILS     $$ 
2021-11-01 14:12:55,114 INFO  [Log] **************************************************************************************** 
2021-11-01 14:12:57,909 INFO  [Log] XXXXXXXXXXXXXXXXXXXXXXX             Iteration - 1             XXXXXXXXXXXXXXXXXXXXXX 
2021-11-01 14:12:57,911 INFO  [Log] Go To URL [https://navtest01.fiservse.net/nav_nav1151/nav1151.aspx] 
2021-11-01 14:13:03,071 INFO  [Log] Page Name [ Group Page]  ###  Field Name [Select Group]   ###   Action [SelectByVisibleTxt]    ###   Text [TL101]   ###   Locator [By.xpath: //select[@id='Group']] 
2021-11-01 14:13:03,166 INFO  [Log] Page Name [ Group Page]  ###  Field Name [Submit Button]   ###   Action [Click]    ###   Locator [By.xpath: //input[@name='Submit']] 
2021-11-01 14:13:05,590 INFO  [Log] Page Name [ Login Page]  ###  Field Name and Value [User = UATUSER1]   ###   Action [EnterText]    ###   Locator [By.xpath: //input[@id='PrincipalID']] 
2021-11-01 14:13:05,681 INFO  [Log] Page Name [ Login Page]  ###  Field Name and Value [Password = A2B65Fiserv]   ###   Action [EnterText]    ###   Locator [By.xpath: //input[@id='PrincipalPWD']] 
2021-11-01 14:13:05,768 INFO  [Log] Page Name [ Login Page]  ###  Field Name and Value [Institution = 01]   ###   Action [ClearAndType]    ###   Locator [By.xpath: //input[@id='OrgID']] 
2021-11-01 14:13:05,873 INFO  [Log] Page Name [ Login Page]  ###  Field Name [Submit Button]   ###   Action [Click]    ###   Locator [By.xpath: //input[@id='submitButton']] 
2021-11-01 14:13:08,568 INFO  [Log] Page Name [ Home Page]  ###  Field Name [Customer Menu ]   ###   Action [Click]    ###   Locator [By.xpath: //a[@data-key='Customer']] 
2021-11-01 14:13:09,954 INFO  [Log] Page Name [ Home Menu Page]  ###  Field Name [name field]   ###   Action [Click]    ###   Locator [By.xpath: //a[text()='Names']] 
2021-11-01 14:13:10,049 INFO  [Log] Page Name [ Home Menu Page]  ###  Field Name [new name field]   ###   Action [Click]    ###   Locator [By.xpath: //a[text()='New Name']] 
2021-11-01 14:13:20,520 INFO  [Log] Page Name [ New Name Page]  ###  Field Name and Value [Name field = Jimmy Garrett]   ###   Action [EnterText]    ###   Locator [By.xpath: (//label[text()='Name:'])[1]/../following-sibling::td/input] 
2021-11-01 14:13:20,583 INFO  [Log] Page Name [ New Name Page] ### Field Name and value [First Name = Jimmy] ### Action [ValidateDDTxt] ### Locator [By.xpath: (//label[text()='First Name:'])[1]/../following-sibling::td/input] 
2021-11-01 14:13:20,583 INFO  [Log] Page Name [ New Name Page]  ###  Field Name [First Name]   ###   Action [GetElementText]    ###   Locator [By.xpath: (//label[text()='First Name:'])[1]/../following-sibling::td/input] 
2021-11-01 14:13:20,628 INFO  [Log] Page Name [ New Name Page] ### Field Name and value [Last Name = Garrett] ### Action [ValidateDDTxt] ### Locator [By.xpath: (//label[text()='Last Name:'])[1]/../following-sibling::td/input] 
2021-11-01 14:13:20,629 INFO  [Log] Page Name [ New Name Page]  ###  Field Name [Last Name]   ###   Action [GetElementText]    ###   Locator [By.xpath: (//label[text()='Last Name:'])[1]/../following-sibling::td/input] 
2021-11-01 14:13:20,670 INFO  [Log] Page Name [ New Name Page]  ###  Field Name and Value [Date of Birth = 10/28/1978]   ###   Action [EnterText]    ###   Locator [By.xpath: (//label[text()='Date of Birth:'])[1]/../following-sibling::td/div/input] 
2021-11-01 14:13:20,771 INFO  [Log] Page Name [ New Name Page]  ###  Field Name and Value [Tax Identification = 034-53-4567]   ###   Action [EnterText]    ###   Locator [By.xpath: (//label[text()='Tax ID Number:'])[1]/../following-sibling::td/input] 
2021-11-01 14:13:20,864 INFO  [Log] Page Name [ New Name Page]  ###  Field Name [Next Button]   ###   Action [Click]    ###   Locator [By.xpath: //button[@id='NextButton']] 
2021-11-01 14:13:23,955 INFO  [Log] Page Name [ New Name Page]  ###  Field Name [Next Button]   ###   Action [Click]    ###   Locator [By.xpath: //button[@id='NextButton']] 
2021-11-01 14:13:25,209 INFO  [Log] Page Name [ New Name Page]  ###  Field Name [Phone Number]   ###   Action [Click]    ###   Locator [By.xpath: //a[@id='lnkPhone']] 
2021-11-01 14:13:27,795 INFO  [Log] XXXXXXXXXXXXXXXXXXXXXXX             -E---N---D- :    PREMIER_TC001             XXXXXXXXXXXXXXXXXXXXXX 
2021-11-01 14:13:27,796 INFO  [Log] X 
2021-11-01 14:13:27,796 INFO  [Log] X 
