2021-10-20 17:27:22,039 INFO  [Log] <<<<<<<<<<<<<         Execution Kick Off - Reading Master file         >>>>>>>>>>>>> 
2021-10-20 17:27:22,470 INFO  [Log] $$           Test Execution for Application : COMMERCIALCENTER           $$ 
2021-10-20 17:27:22,511 INFO  [Log] $$           Reading Test Case Details from 'COMMERCIALCENTER' sheet of Master file           $$ 
2021-10-20 17:27:22,511 INFO  [Log] **************************************************************************************** 
2021-10-20 17:27:22,511 INFO  [Log] $$     CC_ADMIN_TC001 : CREATE AND SEARCH COMPANY      $$ 
2021-10-20 17:27:22,513 INFO  [Log] **************************************************************************************** 
2021-10-20 17:27:24,363 INFO  [Log] XXXXXXXXXXXXXXXXXXXXXXX             Iteration - 1             XXXXXXXXXXXXXXXXXXXXXX 
2021-10-20 17:27:24,365 INFO  [Log] Go To URL [https://republiccert.olbanking.com/onlineMessenger] 
2021-10-20 17:27:36,032 INFO  [Log] Page Name [ Admin Login Page]  ###  Field Name and Value [CompanyID = training]   ###   Action [EnterText]    ###   Locator [By.xpath: //input[@id='company']] 
2021-10-20 17:27:36,095 INFO  [Log] Page Name [ Admin Login Page]  ###  Field Name and Value [UserID = admin11]   ###   Action [EnterText]    ###   Locator [By.xpath: //input[@id='user']] 
2021-10-20 17:27:36,177 INFO  [Log] Page Name [ Admin Login Page]  ###  Field Name [Login Button]   ###   Action [Click]    ###   Locator [By.xpath: //button[@id='login']] 
2021-10-20 17:27:39,851 INFO  [Log] Page Name [ Admin Login Page]  ###  Field Name [CompanyID]   ###   Action [ValidateTextEquals]    ###   Locator [By.xpath: //label[text()='Company ID']/parent::li/b] Expected Text [training] 
2021-10-20 17:27:39,897 INFO  [Log] Page Name [ Admin Login Page]  ###  Field Name [User ID]   ###   Action [ValidateTextEquals]    ###   Locator [By.xpath: //label[text()='User ID']/parent::li/b] Expected Text [admin11] 
2021-10-20 17:27:39,935 INFO  [Log] Page Name [ Admin Login Page]  ###  Field Name and Value [Password = Fiserv@1234]   ###   Action [EnterText]    ###   Locator [By.xpath: //input[@id='passwordPrompt']] 
2021-10-20 17:27:39,990 INFO  [Log] Page Name [ Admin Login Page]  ###  Field Name [Login Button]   ###   Action [Click]    ###   Locator [By.xpath: //button[@id='login']] 
2021-10-20 17:27:46,972 INFO  [Log] Get xpath for Field Name [Menu Bar Option] 
2021-10-20 17:27:53,486 INFO  [Log] Page Name [ Home Page] ### Field Name [Menu Bar] ### Action [Click]  
2021-10-20 17:27:56,022 INFO  [Log] Page Name [ Home Page] ### Field Name [Sub Menu Bar] ### Action [Click]  
2021-10-20 17:28:03,755 INFO  [Log] Page Name [ Admin Search Companies Page]  ###  Field Name [Create Company Button]   ###   Action [Click]    ###   Locator [By.xpath: //button[@id='createCompany']] 
2021-10-20 17:28:12,926 INFO  [Log] Page Name [ Admin Page]  ###  Field Name [Log Off button]   ###   Action [Click]    ###   Locator [By.xpath: //a[text()='Log Off']] 
2021-10-20 17:28:17,412 INFO  [Log] XXXXXXXXXXXXXXXXXXXXXXX             -E---N---D- :    CC_ADMIN_TC001             XXXXXXXXXXXXXXXXXXXXXX 
2021-10-20 17:28:17,412 INFO  [Log] X 
2021-10-20 17:28:17,412 INFO  [Log] X 
