2021-11-01 16:47:43,878 INFO  [Log] <<<<<<<<<<<<<         Execution Kick Off - Reading Master file         >>>>>>>>>>>>> 
2021-11-01 16:47:45,363 INFO  [Log] $$           Test Execution for Application : PREMIER           $$ 
2021-11-01 16:47:45,498 INFO  [Log] $$           Reading Test Case Details from 'PREMIER' sheet of Master file           $$ 
2021-11-01 16:47:45,498 INFO  [Log] **************************************************************************************** 
2021-11-01 16:47:45,499 INFO  [Log] $$     PREMIER_TC001 : LAUNCH AND LOGIN TO APPLICATION.CAPTURE CUSTOMER DETAILS     $$ 
2021-11-01 16:47:45,500 INFO  [Log] **************************************************************************************** 
2021-11-01 16:47:50,005 INFO  [Log] XXXXXXXXXXXXXXXXXXXXXXX             Iteration - 1             XXXXXXXXXXXXXXXXXXXXXX 
2021-11-01 16:47:50,010 INFO  [Log] Go To URL [https://navtest01.fiservse.net/nav_nav1151/nav1151.aspx] 
2021-11-01 16:47:55,732 INFO  [Log] Page Name [ Group Page]  ###  Field Name [Select Group]   ###   Action [SelectByVisibleTxt]    ###   Text [TL101]   ###   Locator [By.xpath: //select[@id='Group']] 
2021-11-01 16:47:55,934 INFO  [Log] Page Name [ Group Page]  ###  Field Name [Submit Button]   ###   Action [Click]    ###   Locator [By.xpath: //input[@name='Submit']] 
2021-11-01 16:47:58,751 INFO  [Log] Page Name [ Login Page]  ###  Field Name and Value [User = UATUSER1]   ###   Action [EnterText]    ###   Locator [By.xpath: //input[@id='PrincipalID']] 
2021-11-01 16:47:59,119 INFO  [Log] Page Name [ Login Page]  ###  Field Name and Value [Password = A2B65Fiserv]   ###   Action [EnterText]    ###   Locator [By.xpath: //input[@id='PrincipalPWD']] 
2021-11-01 16:47:59,368 INFO  [Log] Page Name [ Login Page]  ###  Field Name and Value [Institution = 01]   ###   Action [ClearAndType]    ###   Locator [By.xpath: //input[@id='OrgID']] 
2021-11-01 16:47:59,619 INFO  [Log] Page Name [ Login Page]  ###  Field Name [Submit Button]   ###   Action [Click]    ###   Locator [By.xpath: //input[@id='submitButton']] 
2021-11-01 16:48:04,291 INFO  [Log] Page Name [ Home Page]  ###  Field Name [Customer Menu ]   ###   Action [Click]    ###   Locator [By.xpath: //a[@data-key='Customer']] 
2021-11-01 16:48:07,624 INFO  [Log] Page Name [ Home Menu Page]  ###  Field Name [name field]   ###   Action [Click]    ###   Locator [By.xpath: //a[text()='Names']] 
2021-11-01 16:48:07,885 INFO  [Log] Page Name [ Home Menu Page]  ###  Field Name [new name field]   ###   Action [Click]    ###   Locator [By.xpath: //a[text()='New Name']] 
2021-11-01 16:48:22,127 INFO  [Log] Page Name [ New Name Page]  ###  Field Name and Value [Name field = Jim Garrell]   ###   Action [EnterText]    ###   Locator [By.xpath: (//label[text()='Name:'])[1]/../following-sibling::td/input] 
2021-11-01 16:48:22,309 INFO  [Log] Page Name [ New Name Page] ### Field Name and value [First Name = Jim] ### Action [ValidateDDTxt] ### Locator [By.xpath: (//label[text()='First Name:'])[1]/../following-sibling::td/input] 
2021-11-01 16:48:22,309 INFO  [Log] Page Name [ New Name Page]  ###  Field Name [First Name]   ###   Action [GetElementText]    ###   Locator [By.xpath: (//label[text()='First Name:'])[1]/../following-sibling::td/input] 
2021-11-01 16:48:22,409 INFO  [Log] Page Name [ New Name Page] ### Field Name and value [Last Name = Garrell] ### Action [ValidateDDTxt] ### Locator [By.xpath: (//label[text()='Last Name:'])[1]/../following-sibling::td/input] 
2021-11-01 16:48:22,410 INFO  [Log] Page Name [ New Name Page]  ###  Field Name [Last Name]   ###   Action [GetElementText]    ###   Locator [By.xpath: (//label[text()='Last Name:'])[1]/../following-sibling::td/input] 
2021-11-01 16:48:22,515 INFO  [Log] Page Name [ New Name Page]  ###  Field Name and Value [Date of Birth = 09/28/1978]   ###   Action [EnterText]    ###   Locator [By.xpath: (//label[text()='Date of Birth:'])[1]/../following-sibling::td/div/input] 
2021-11-01 16:48:22,780 INFO  [Log] Page Name [ New Name Page]  ###  Field Name and Value [Tax Identification = 034-53-4333]   ###   Action [EnterText]    ###   Locator [By.xpath: (//label[text()='Tax ID Number:'])[1]/../following-sibling::td/input] 
2021-11-01 16:48:23,036 INFO  [Log] Page Name [ New Name Page]  ###  Field Name [Next Button]   ###   Action [Click]    ###   Locator [By.xpath: //button[@id='NextButton']] 
2021-11-01 16:48:29,356 INFO  [Log] Page Name [ New Name Page]  ###  Field Name [Next Button]   ###   Action [Click]    ###   Locator [By.xpath: //button[@id='NextButton']] 
2021-11-01 16:48:33,944 INFO  [Log] Page Name [ New Name Page]  ###  Field Name [Phone Number]   ###   Action [Click]    ###   Locator [By.xpath: //a[@id='lnkPhone']] 
2021-11-01 16:48:35,666 INFO  [Log] Page Name [ New Name Page]  ###  Field Name and Value [Phone Number = 345-6234]   ###   Action [EnterText]    ###   Locator [By.xpath: (//input[contains(@name,'PhoneNumber')])[1]] 
2021-11-01 16:48:37,822 INFO  [Log] Page Name [ New Name Page]  ###  Field Name [Email link]   ###   Action [Click]    ###   Locator [By.xpath: //a[@id='lnkEmail']] 
2021-11-01 16:48:38,944 INFO  [Log] Page Name [ New Name Page]  ###  Field Name and Value [Phone Number = Garrell.jim@Test.com]   ###   Action [EnterText]    ###   Locator [By.xpath: (//input[contains(@name,'ContactInfo')])[1]] 
2021-11-01 16:48:41,097 INFO  [Log] Page Name [ New Name Page]  ###  Field Name [Next Button]   ###   Action [Click]    ###   Locator [By.xpath: //button[@id='NextButton']] 
2021-11-01 16:48:48,483 INFO  [Log] Page Name [ New Name Page]  ###  Field Name [Branch Region Button]   ###   Action [Click]    ###   Locator [By.xpath: (//label[text()='Branch Region:'])[1]/../following-sibling::td//input[contains(@class,'EllipseText')]] 
2021-11-01 16:48:48,759 INFO  [Log] Page Name [ New Name Page]  ###  Field Name and Value [Branch Region Button = 5]   ###   Action [EnterText]    ###   Locator [By.xpath: (//label[text()='Branch Region:'])[1]/../following-sibling::td//input[contains(@class,'EllipseText')]] 
2021-11-01 16:48:48,865 INFO  [Log] Page Name [ New Name Page]  ###  Field Name [Next Button]   ###   Action [Click]    ###   Locator [By.xpath: //button[@id='NextButton']] 
2021-11-01 16:48:52,862 INFO  [Log] Page Name [ New Name Page]  ###  Field Name [Finish Button]   ###   Action [Click]    ###   Locator [By.xpath: //button[@name='SubmitButton']] 
2021-11-01 16:48:55,108 INFO  [Log] Switch To Window With Title As [Institution 01 - REPUBLIC BANK UAT] 
2021-11-01 16:48:56,777 INFO  [Log] Page Name [ Home Menu Page]  ###  Field Name [Contacts field]   ###   Action [Click]    ###   Locator [By.xpath: //a[text()='Contacts']] 
2021-11-01 16:48:56,921 INFO  [Log] Page Name [ Home Menu Page]  ###  Field Name [new contact field]   ###   Action [Click]    ###   Locator [By.xpath: //a[text()='New Name Contact']] 
2021-11-01 16:49:07,176 INFO  [Log] Page Name [ Add Name Page]  ###  Field Name [Tax Identification]   ###   Action [Click]    ###   Locator [By.xpath: //input[@name='TaxID']] 
2021-11-01 16:49:07,461 INFO  [Log] Page Name [ Add Name Page]  ###  Field Name and Value [Tax Identification = 034-53-4333]   ###   Action [EnterText]    ###   Locator [By.xpath: //input[@name='TaxID']] 
2021-11-01 16:49:07,592 INFO  [Log] Page Name [ Add Name Page]  ###  Field Name [Submit]   ###   Action [Click]    ###   Locator [By.xpath: //button[text()='Submit']] 
2021-11-01 16:49:07,860 INFO  [Log] Page Name [ Add Name Page]  ###  Field Name [Name link]   ###   Action [Click]    ###   Locator [By.xpath: (//a[contains(@onclick,'HourglassWork')])[1]] 
2021-11-01 16:49:13,128 INFO  [Log] Page Name [ New Contact Page]  ###  Field Name [Save Button]   ###   Action [Click]    ###   Locator [By.xpath: //a[contains(@onclick,'Save')]] 
2021-11-01 16:49:15,393 INFO  [Log] Switch To Window With Title As [Institution 01 - REPUBLIC BANK UAT] 
2021-11-01 16:49:17,040 INFO  [Log] Page Name [ Home Menu Page]  ###  Field Name [Address field]   ###   Action [Click]    ###   Locator [By.xpath: //a[text()='Address']] 
2021-11-01 16:49:17,218 INFO  [Log] Page Name [ Home Menu Page]  ###  Field Name [new address field]   ###   Action [Click]    ###   Locator [By.xpath: //a[text()='New Address']] 
2021-11-01 16:49:19,370 INFO  [Log] Switch To Frame With Name As [Main] 
2021-11-01 16:49:25,408 INFO  [Log] Page Name [ New Address Page]  ###  Field Name and Value [Address 1 = 389 Ganttown Rd]   ###   Action [EnterText]    ###   Locator [By.xpath: (//label[text()='Address 1:'])[1]/../following-sibling::td/input] 
2021-11-01 16:49:25,586 INFO  [Log] Page Name [ New Address Page]  ###  Field Name and Value [Address 2 = Sewell]   ###   Action [EnterText]    ###   Locator [By.xpath: (//label[text()='Address 2:'])[1]/../following-sibling::td/input] 
2021-11-01 16:49:25,813 INFO  [Log] Page Name [ New Address Page]  ###  Field Name and Value [zip code = 8080]   ###   Action [EnterText]    ###   Locator [By.xpath: (//label[text()='City State Zip:'])[1]/../following-sibling::td//input] 
2021-11-01 16:49:26,048 INFO  [Log] Page Name [ New Name Page]  ###  Field Name [Branch Region Button]   ###   Action [Click]    ###   Locator [By.xpath: (//label[text()='Branch Region:'])[1]/../following-sibling::td//input[contains(@class,'EllipseText')]] 
2021-11-01 16:49:26,284 INFO  [Log] Page Name [ New Name Page]  ###  Field Name and Value [Branch Region Button = 5]   ###   Action [EnterText]    ###   Locator [By.xpath: (//label[text()='Branch Region:'])[1]/../following-sibling::td//input[contains(@class,'EllipseText')]] 
2021-11-01 16:49:26,382 INFO  [Log] Page Name [ New Name Page]  ###  Field Name [Next Button]   ###   Action [Click]    ###   Locator [By.xpath: //button[@id='NextButton']] 
2021-11-01 16:49:26,603 INFO  [Log] Page Name [ New Address Page]  ###  Field Name [next button]   ###   Action [Click]    ###   Locator [By.xpath: //button[@id='NextButton']] 
2021-11-01 16:49:32,452 INFO  [Log] Page Name [ New Address Page]  ###  Field Name [next button]   ###   Action [Click]    ###   Locator [By.xpath: //button[@id='NextButton']] 
2021-11-01 16:49:36,730 INFO  [Log] Page Name [ New Address Page]  ###  Field Name [Build relationship button]   ###   Action [Click]    ###   Locator [By.xpath: //img[@title='Add Name']] 
2021-11-01 16:49:44,083 INFO  [Log] Switch To Window With Title As [Add Name] 
2021-11-01 16:49:44,296 INFO  [Log] Page Name [ Add Name Page]  ###  Field Name [Tax Identification]   ###   Action [Click]    ###   Locator [By.xpath: //input[@name='TaxID']] 
2021-11-01 16:49:44,580 INFO  [Log] Page Name [ Add Name Page]  ###  Field Name and Value [Tax Identification = 034-53-4333]   ###   Action [EnterText]    ###   Locator [By.xpath: //input[@name='TaxID']] 
2021-11-01 16:49:44,719 INFO  [Log] Page Name [ Add Name Page]  ###  Field Name [Submit]   ###   Action [Click]    ###   Locator [By.xpath: //button[text()='Submit']] 
2021-11-01 16:49:44,986 INFO  [Log] Page Name [ Add Name Page]  ###  Field Name [Name link]   ###   Action [Click]    ###   Locator [By.xpath: //a[contains(@onclick,'ModalClose()')]] 
2021-11-01 16:49:47,618 INFO  [Log] Switch To Window With Title As [Institution 01 - REPUBLIC BANK UAT] 
2021-11-01 16:49:47,704 INFO  [Log] Switch To Frame With Name As [Main] 
2021-11-01 16:49:47,776 INFO  [Log] Page Name [ New Address Page]  ###  Field Name [Select Group]   ###   Action [SelectByVisibleTxt]    ###   Text [Home]   ###   Locator [By.xpath: //select[contains(@id,'RelationshipCode')]] 
2021-11-01 16:49:50,139 INFO  [Log] Page Name [ New Address Page]  ###  Field Name [Finish Button]   ###   Action [Click]    ###   Locator [By.xpath: //button[@name='SubmitButton']] 
2021-11-01 16:50:04,066 INFO  [Log] Switch To Default Content 
2021-11-01 16:50:08,927 INFO  [Log] XXXXXXXXXXXXXXXXXXXXXXX             -E---N---D- :    PREMIER_TC001             XXXXXXXXXXXXXXXXXXXXXX 
2021-11-01 16:50:08,927 INFO  [Log] X 
2021-11-01 16:50:08,927 INFO  [Log] X 
