2021-10-22 12:31:35,093 INFO  [Log] <<<<<<<<<<<<<         Execution Kick Off - Reading Master file         >>>>>>>>>>>>> 
2021-10-22 12:31:36,344 INFO  [Log] $$           Test Execution for Application : COMMERCIALCENTER           $$ 
2021-10-22 12:31:36,478 INFO  [Log] $$           Reading Test Case Details from 'COMMERCIALCENTER' sheet of Master file           $$ 
2021-10-22 12:31:36,479 INFO  [Log] **************************************************************************************** 
2021-10-22 12:31:36,479 INFO  [Log] $$     CC_CORP_TC008 : INITIATE TRANSFER FUTURE ONE TO ONE ACCOUNT (CHECKING TO SAVING) + PAYMENT ACTIVITY - EDIT TRANSFER FOR FUTURE DATE AND VIEW     $$ 
2021-10-22 12:31:36,479 INFO  [Log] **************************************************************************************** 
2021-10-22 12:31:40,593 INFO  [Log] XXXXXXXXXXXXXXXXXXXXXXX             Iteration - 1             XXXXXXXXXXXXXXXXXXXXXX 
2021-10-22 12:31:40,597 INFO  [Log] Go To URL [https://republiccert.olbanking.com/corporate] 
2021-10-22 12:32:06,887 INFO  [Log] Page Name [ Corporate Login Page]  ###  Field Name and Value [CompanyID = FGS_Company03]   ###   Action [EnterText]    ###   Locator [By.xpath: //input[@id='companyId']] 
2021-10-22 12:32:07,096 INFO  [Log] Page Name [ Corporate Login Page]  ###  Field Name and Value [UserID = FGS_User06]   ###   Action [EnterText]    ###   Locator [By.xpath: //input[@id='userId']] 
2021-10-22 12:32:07,358 INFO  [Log] Page Name [ Corporate Login Page]  ###  Field Name [Login Button]   ###   Action [Click]    ###   Locator [By.xpath: //button[text()='Login']] 
2021-10-22 12:32:10,600 INFO  [Log] Page Name [ Corporate Login Page]  ###  Field Name and Value [Password = Fiserv@1234]   ###   Action [EnterText]    ###   Locator [By.xpath: //input[@id='password']] 
2021-10-22 12:32:10,749 INFO  [Log] Page Name [ Corporate Login Page]  ###  Field Name [Login Button]   ###   Action [Click]    ###   Locator [By.xpath: //button[text()='Login']] 
2021-10-22 12:32:10,885 INFO  [Log] Get xpath for Field Name [Menu Bar Option] 
2021-10-22 12:32:20,048 INFO  [Log] Page Name [ Corporate Home Page]  ###  Field Name [Menu Bar]   ###   Action [Click]    ###   Locator [By.xpath: //a[@title='Menu']] 
2021-10-22 12:32:20,288 INFO  [Log] Page Name [ Corporate Home Page] ### Field Name [Menu Bar] ### Action [Click]  
2021-10-22 12:32:36,892 INFO  [Log] Page Name [ Home Page] ### Field Name [Sub Menu Bar] ### Action [Click]  
2021-10-22 12:32:38,402 INFO  [Log] Page Name [ Home Page] ### Field Name [Sub Menu Bar] ### Action [Click]  
2021-10-22 12:32:56,427 INFO  [Log] Page Name [ Future Payment Activity] ### Field Name [Select Future date] ### Action [Click]  
2021-10-22 12:33:24,014 INFO  [Log] Page Name [ Future Payment Activity]  ###  Field Name [Search Button]   ###   Action [Click]    ###   Locator [By.xpath: //button[@aria-label='Search']] 
2021-10-22 12:33:24,276 INFO  [Log] Page Name [ Future Payment Activity]  ###  Field Name [Search Symbol]   ###   Action [Click]    ###   Locator [By.xpath: //button[@type='submit']] 
2021-10-22 12:33:28,521 INFO  [Log] Page Name [ Corporate Page]  ###  Field Name [User button]   ###   Action [Click]    ###   Locator [By.xpath: //div[@class='d-none d-sm-inline']] 
2021-10-22 12:33:28,757 INFO  [Log] Page Name [ Corporate Page]  ###  Field Name [Log Off button]   ###   Action [Click]    ###   Locator [By.xpath: //button[text()='Logout']] 
