2021-10-28 21:43:57,987 INFO  [Log] <<<<<<<<<<<<<         Execution Kick Off - Reading Master file         >>>>>>>>>>>>> 
2021-10-28 21:43:59,790 INFO  [Log] $$           Test Execution for Application : PREMIER           $$ 
2021-10-28 21:43:59,944 INFO  [Log] $$           Reading Test Case Details from 'PREMIER' sheet of Master file           $$ 
2021-10-28 21:43:59,944 INFO  [Log] **************************************************************************************** 
2021-10-28 21:43:59,945 INFO  [Log] $$     PREMIER_TC001 : LAUNCH AND LOGIN TO APPLICATION.CAPTURE CUSTOMER DETAILS     $$ 
2021-10-28 21:43:59,950 INFO  [Log] **************************************************************************************** 
2021-10-28 21:44:05,467 INFO  [Log] XXXXXXXXXXXXXXXXXXXXXXX             Iteration - 1             XXXXXXXXXXXXXXXXXXXXXX 
2021-10-28 21:44:05,471 INFO  [Log] Go To URL [https://navtest01.fiservse.net/nav_nav1151/nav1151.aspx] 
2021-10-28 21:44:11,147 INFO  [Log] Page Name [ Group Page]  ###  Field Name [Select Group]   ###   Action [SelectByVisibleTxt]    ###   Text [TL101]   ###   Locator [By.xpath: //select[@id='Group']] 
2021-10-28 21:44:11,399 INFO  [Log] Page Name [ Group Page]  ###  Field Name [Submit Button]   ###   Action [Click]    ###   Locator [By.xpath: //input[@name='Submit']] 
2021-10-28 21:44:17,837 INFO  [Log] Page Name [ Login Page]  ###  Field Name and Value [User = UATUSER1]   ###   Action [EnterText]    ###   Locator [By.xpath: //input[@id='PrincipalID']] 
2021-10-28 21:44:17,998 INFO  [Log] Page Name [ Login Page]  ###  Field Name and Value [Password = A2B65Fiserv]   ###   Action [EnterText]    ###   Locator [By.xpath: //input[@id='PrincipalPWD']] 
2021-10-28 21:44:18,165 INFO  [Log] Page Name [ Login Page]  ###  Field Name and Value [Institution = 01]   ###   Action [ClearAndType]    ###   Locator [By.xpath: //input[@id='OrgID']] 
2021-10-28 21:44:18,383 INFO  [Log] Page Name [ Login Page]  ###  Field Name [Submit Button]   ###   Action [Click]    ###   Locator [By.xpath: //input[@id='submitButton']] 
2021-10-28 21:44:23,084 INFO  [Log] Page Name [ Home Page]  ###  Field Name [Customer Menu ]   ###   Action [Click]    ###   Locator [By.xpath: //a[@data-key='Customer']] 
2021-10-28 21:44:24,867 INFO  [Log] Page Name [ Home Page]  ###  Field Name [Customer Inquiry]   ###   Action [Click]    ###   Locator [By.xpath: //a[text()='Customer Inquiry']] 
2021-10-28 21:44:26,649 INFO  [Log] Switch To Frame With Name As [Main] 
2021-10-28 21:44:34,592 INFO  [Log] Page Name [ Customer Inquiry Page]  ###  Field Name and Value [Name = 034-53-4567]   ###   Action [EnterText]    ###   Locator [By.xpath: //input[@name='TaxID']] 
2021-10-28 21:44:34,878 INFO  [Log] Page Name [ Customer Inquiry]  ###  Field Name [Submit]   ###   Action [Click]    ###   Locator [By.xpath: //button[@name='Submit']] 
2021-10-28 21:44:58,324 INFO  [Log] Switch To Default Content 
2021-10-28 21:44:59,915 INFO  [Log] Switch To Frame With Name As [Main] 
2021-10-28 21:44:59,986 INFO  [Log] Switch To Frame With Name As [bottom] 
2021-10-28 21:45:00,051 INFO  [Log] Page Name [ Customer Inquiry page]  ###  Field Name [Customer Analaysis Header]   ###   Action [WaitForPresence]    ###   Locator [By.xpath: //td[@id='Customer AnalysisText']] 
2021-10-28 21:45:00,091 INFO  [Log] Page Name [ Customer Inquiry]  ###  Field Name [See Additional Addresses]   ###   Action [Click]    ###   Locator [By.xpath: //u[text()='See Additional Addresses']] 
2021-10-28 21:45:02,445 INFO  [Log] Switch To Default Content 
2021-10-28 21:45:04,105 INFO  [Log] Switch To Frame With Name As [Main] 
2021-10-28 21:45:04,156 INFO  [Log] Switch To Frame With Name As [bottom] 
2021-10-28 21:45:04,352 INFO  [Log] Page Name [ Customer Inquiry page]  ###  Field Name [Summary Header]   ###   Action [WaitForPresence]    ###   Locator [By.xpath: //td[@id='SummaryText']] 
2021-10-28 21:45:04,399 INFO  [Log] Page Name [ Customer Inquiry Page]  ###  Field Name [Customer Expand]   ###   Action [Click]    ###   Locator [By.xpath: //td[contains(@id,'Customer')]] 
2021-10-28 21:45:04,675 INFO  [Log] Page Name [ Customer Inquiry Page]  ###  Field Name [Name Expand]   ###   Action [Click]    ###   Locator [By.xpath: //img[@class='csr-hand']] 
2021-10-28 21:45:05,019 INFO  [Log] Switch To Default Content 
2021-10-28 21:45:06,582 INFO  [Log] Switch To Frame With Name As [Main] 
2021-10-28 21:45:06,646 INFO  [Log] Switch To Frame With Name As [bottom] 
2021-10-28 21:45:06,712 INFO  [Log] Page Name [ Customer Inquiry]  ###  Field Name [Name]   ###   Action [GetElementText]    ###   Locator [By.xpath: (//td[@class=' tc-usr-information txt-left'])[2]] 
2021-10-28 21:45:07,358 INFO  [Log] Page Name [ Customer Inquiry]  ###  Field Name [Tax Identification]   ###   Action [GetElementText]    ###   Locator [By.xpath: (//td[@class=' tc-usr-information txt-right'])[1]] 
2021-10-28 21:45:07,713 INFO  [Log] Page Name [ Customer Inquiry]  ###  Field Name [Date of birth]   ###   Action [GetElementText]    ###   Locator [By.xpath: (//td[@class=' tc-usr-information txt-right'])[2]] 
