2021-10-29 12:45:25,036 INFO  [Log] <<<<<<<<<<<<<         Execution Kick Off - Reading Master file         >>>>>>>>>>>>> 
2021-10-29 12:45:26,727 INFO  [Log] $$           Test Execution for Application : PREMIER           $$ 
2021-10-29 12:45:26,869 INFO  [Log] $$           Reading Test Case Details from 'PREMIER' sheet of Master file           $$ 
2021-10-29 12:45:26,869 INFO  [Log] **************************************************************************************** 
2021-10-29 12:45:26,870 INFO  [Log] $$     PREMIER_TC001 : LAUNCH AND LOGIN TO APPLICATION.CAPTURE CUSTOMER DETAILS     $$ 
2021-10-29 12:45:26,870 INFO  [Log] **************************************************************************************** 
2021-10-29 12:45:32,976 INFO  [Log] XXXXXXXXXXXXXXXXXXXXXXX             Iteration - 1             XXXXXXXXXXXXXXXXXXXXXX 
2021-10-29 12:45:32,979 INFO  [Log] Go To URL [https://navtest01.fiservse.net/nav_nav1151/nav1151.aspx] 
2021-10-29 12:45:38,064 INFO  [Log] Page Name [ Group Page]  ###  Field Name [Select Group]   ###   Action [SelectByVisibleTxt]    ###   Text [TL101]   ###   Locator [By.xpath: //select[@id='Group']] 
2021-10-29 12:45:38,300 INFO  [Log] Page Name [ Group Page]  ###  Field Name [Submit Button]   ###   Action [Click]    ###   Locator [By.xpath: //input[@name='Submit']] 
2021-10-29 12:45:40,944 INFO  [Log] Page Name [ Login Page]  ###  Field Name and Value [User = UATUSER1]   ###   Action [EnterText]    ###   Locator [By.xpath: //input[@id='PrincipalID']] 
2021-10-29 12:45:41,108 INFO  [Log] Page Name [ Login Page]  ###  Field Name and Value [Password = A2B65Fiserv]   ###   Action [EnterText]    ###   Locator [By.xpath: //input[@id='PrincipalPWD']] 
2021-10-29 12:45:41,286 INFO  [Log] Page Name [ Login Page]  ###  Field Name and Value [Institution = 01]   ###   Action [ClearAndType]    ###   Locator [By.xpath: //input[@id='OrgID']] 
2021-10-29 12:45:41,497 INFO  [Log] Page Name [ Login Page]  ###  Field Name [Submit Button]   ###   Action [Click]    ###   Locator [By.xpath: //input[@id='submitButton']] 
2021-10-29 12:45:44,621 INFO  [Log] Page Name [ Home Page]  ###  Field Name [Customer Menu ]   ###   Action [Click]    ###   Locator [By.xpath: //a[@data-key='Customer']] 
2021-10-29 12:45:46,389 INFO  [Log] Page Name [ Home Page]  ###  Field Name [Customer Inquiry]   ###   Action [Click]    ###   Locator [By.xpath: //a[text()='Customer Inquiry']] 
2021-10-29 12:45:48,089 INFO  [Log] Switch To Frame With Name As [Main] 
2021-10-29 12:45:51,225 INFO  [Log] Page Name [ Customer Inquiry Page]  ###  Field Name and Value [Name = 034-53-4567]   ###   Action [EnterText]    ###   Locator [By.xpath: //input[@name='TaxID']] 
2021-10-29 12:45:51,468 INFO  [Log] Page Name [ Customer Inquiry]  ###  Field Name [Submit]   ###   Action [Click]    ###   Locator [By.xpath: //button[@name='Submit']] 
2021-10-29 12:46:15,762 INFO  [Log] Switch To Default Content 
2021-10-29 12:46:17,482 INFO  [Log] Switch To Frame With Name As [Main] 
2021-10-29 12:46:17,547 INFO  [Log] Switch To Frame With Name As [bottom] 
2021-10-29 12:46:17,615 INFO  [Log] Page Name [ Customer Inquiry page]  ###  Field Name [Customer Analaysis Header]   ###   Action [WaitForPresence]    ###   Locator [By.xpath: //td[@id='Customer AnalysisText']] 
2021-10-29 12:46:17,667 INFO  [Log] Page Name [ Customer Inquiry]  ###  Field Name [See Additional Addresses]   ###   Action [Click]    ###   Locator [By.xpath: //u[text()='See Additional Addresses']] 
2021-10-29 12:46:19,548 INFO  [Log] Switch To Default Content 
2021-10-29 12:46:21,208 INFO  [Log] Switch To Frame With Name As [Main] 
2021-10-29 12:46:21,260 INFO  [Log] Switch To Frame With Name As [bottom] 
2021-10-29 12:46:21,318 INFO  [Log] Page Name [ Customer Inquiry page]  ###  Field Name [Summary Header]   ###   Action [WaitForPresence]    ###   Locator [By.xpath: //td[@id='SummaryText']] 
2021-10-29 12:46:21,354 INFO  [Log] Page Name [ Customer Inquiry Page]  ###  Field Name [Customer Expand]   ###   Action [Click]    ###   Locator [By.xpath: //td[contains(@id,'Customer')]] 
2021-10-29 12:46:21,660 INFO  [Log] Page Name [ Customer Inquiry Page]  ###  Field Name [Name Expand]   ###   Action [Click]    ###   Locator [By.xpath: //img[@class='csr-hand']] 
2021-10-29 12:46:21,966 INFO  [Log] Switch To Default Content 
2021-10-29 12:46:23,548 INFO  [Log] Switch To Frame With Name As [Main] 
2021-10-29 12:46:23,606 INFO  [Log] Switch To Frame With Name As [bottom] 
2021-10-29 12:46:23,666 INFO  [Log] Page Name [ Customer Inquiry]  ###  Field Name [Name]   ###   Action [GetElementText]    ###   Locator [By.xpath: (//td[@class=' tc-usr-information txt-left'])[2]] 
2021-10-29 12:46:24,233 INFO  [Log] Page Name [ Customer Inquiry]  ###  Field Name [Tax Identification]   ###   Action [GetElementText]    ###   Locator [By.xpath: (//td[@class=' tc-usr-information txt-right'])[1]] 
2021-10-29 12:46:24,398 INFO  [Log] Page Name [ Customer Inquiry]  ###  Field Name [Date of birth]   ###   Action [GetElementText]    ###   Locator [By.xpath: (//td[@class=' tc-usr-information txt-right'])[2]] 
2021-10-29 12:46:24,612 INFO  [Log] Page Name [ Customer Inquiry]  ###  Field Name [Email]   ###   Action [GetElementText]    ###   Locator [By.xpath: (//td[@class=' tc-usr-information txt-right'])[4]] 
2021-10-29 12:46:24,865 INFO  [Log] Page Name [ Customer Inquiry]  ###  Field Name [Phone Number]   ###   Action [GetElementText]    ###   Locator [By.xpath: (//td[@class=' tc-usr-information txt-right'])[3]] 
2021-10-29 12:46:25,037 INFO  [Log] Page Name [ Customer Inquiry]  ###  Field Name [Address1]   ###   Action [GetElementText]    ###   Locator [By.xpath: (//td[@class=' tc-usr-information txt-left'])[11]] 
2021-10-29 12:46:25,190 INFO  [Log] Page Name [ Customer Inquiry]  ###  Field Name [Address2]   ###   Action [GetElementText]    ###   Locator [By.xpath: (//td[@class=' tc-usr-information txt-left'])[12]] 
2021-10-29 12:46:25,345 INFO  [Log] Page Name [ Customer Inquiry]  ###  Field Name [City State Zip]   ###   Action [GetElementText]    ###   Locator [By.xpath: (//td[@class=' tc-usr-information txt-left'])[13]] 
2021-10-29 12:46:25,513 INFO  [Log] Page Name [ Customer Inquiry]  ###  Field Name [Relationship]   ###   Action [GetElementText]    ###   Locator [By.xpath: (//td[@class=' tc-usr-information txt-left'])[14]] 
2021-10-29 12:46:25,661 INFO  [Log] Switch To Default Content 
2021-10-29 12:46:29,993 INFO  [Log] XXXXXXXXXXXXXXXXXXXXXXX             -E---N---D- :    PREMIER_TC001             XXXXXXXXXXXXXXXXXXXXXX 
2021-10-29 12:46:29,993 INFO  [Log] X 
2021-10-29 12:46:29,993 INFO  [Log] X 
