2021-10-28 18:39:33,309 INFO  [Log] <<<<<<<<<<<<<         Execution Kick Off - Reading Master file         >>>>>>>>>>>>> 
2021-10-28 18:39:34,515 INFO  [Log] $$           Test Execution for Application : PREMIER           $$ 
2021-10-28 18:39:34,642 INFO  [Log] $$           Reading Test Case Details from 'PREMIER' sheet of Master file           $$ 
2021-10-28 18:39:34,642 INFO  [Log] **************************************************************************************** 
2021-10-28 18:39:34,643 INFO  [Log] $$     PREMIER_TC001 : LAUNCH AND LOGIN TO APPLICATION.CAPTURE CUSTOMER DETAILS     $$ 
2021-10-28 18:39:34,650 INFO  [Log] **************************************************************************************** 
2021-10-28 18:39:39,200 INFO  [Log] XXXXXXXXXXXXXXXXXXXXXXX             Iteration - 1             XXXXXXXXXXXXXXXXXXXXXX 
2021-10-28 18:39:39,205 INFO  [Log] Go To URL [https://navtest01.fiservse.net/nav_nav1151/nav1151.aspx] 
2021-10-28 18:39:44,186 INFO  [Log] Page Name [ Group Page]  ###  Field Name [Select Group]   ###   Action [SelectByVisibleTxt]    ###   Text [TL101]   ###   Locator [By.xpath: //select[@id='Group']] 
2021-10-28 18:39:44,405 INFO  [Log] Page Name [ Group Page]  ###  Field Name [Submit Button]   ###   Action [Click]    ###   Locator [By.xpath: //input[@name='Submit']] 
2021-10-28 18:40:05,518 INFO  [Log] Page Name [ Login Page]  ###  Field Name and Value [User = UATUSER1]   ###   Action [EnterText]    ###   Locator [By.xpath: //input[@id='PrincipalID']] 
2021-10-28 18:40:09,952 INFO  [Log] Page Name [ Login Page]  ###  Field Name and Value [Password = A2B65Fiserv]   ###   Action [EnterText]    ###   Locator [By.xpath: //input[@id='PrincipalPWD']] 
2021-10-28 18:40:14,225 INFO  [Log] Page Name [ Login Page]  ###  Field Name and Value [Institution = 01]   ###   Action [EnterText]    ###   Locator [By.xpath: //input[@id='OrgID']] 
2021-10-28 18:40:20,519 INFO  [Log] Page Name [ Login Page]  ###  Field Name [Submit Button]   ###   Action [Click]    ###   Locator [By.xpath: //input[@id='submitButton']] 
2021-10-28 18:41:52,154 INFO  [Log] Page Name [ Login Page]  ###  Field Name and Value [User = UATUSER1]   ###   Action [EnterText]    ###   Locator [By.xpath: //input[@id='PrincipalID']] 
2021-10-28 18:42:36,454 INFO  [Log] Page Name [ Login Page]  ###  Field Name and Value [Password = A2B65Fiserv]   ###   Action [EnterText]    ###   Locator [By.xpath: //input[@id='PrincipalPWD']] 
2021-10-28 18:42:48,677 INFO  [Log] Page Name [ Login Page]  ###  Field Name and Value [Institution = 01]   ###   Action [EnterText]    ###   Locator [By.xpath: //input[@id='OrgID']] 
2021-10-28 18:43:24,675 INFO  [Log] Page Name [ Login Page]  ###  Field Name [Submit Button]   ###   Action [Click]    ###   Locator [By.xpath: //input[@id='submitButton']] 
2021-10-28 18:43:41,697 INFO  [Log] Page Name [ Home Page]  ###  Field Name [Customer Menu ]   ###   Action [Click]    ###   Locator [By.xpath: //a[@data-key='Customer']] 
2021-10-28 18:43:43,652 INFO  [Log] Page Name [ Home Page]  ###  Field Name [Customer Inquiry]   ###   Action [Click]    ###   Locator [By.xpath: //a[text()='Customer Inquiry']] 
2021-10-28 18:43:45,634 INFO  [Log] Page Name [ Customer Inquiry]  ###  Field Name and Value [Tax Identification = 034-53-4567]   ###   Action [EnterText]    ###   Locator [By.xpath: //input[@name='TaxID']] 
