2021-11-01 17:42:09,932 INFO  [Log] <<<<<<<<<<<<<         Execution Kick Off - Reading Master file         >>>>>>>>>>>>> 
2021-11-01 17:42:10,509 INFO  [Log] $$           Test Execution for Application : PREMIER           $$ 
2021-11-01 17:42:10,561 INFO  [Log] $$           Reading Test Case Details from 'PREMIER' sheet of Master file           $$ 
2021-11-01 17:42:10,561 INFO  [Log] **************************************************************************************** 
2021-11-01 17:42:10,561 INFO  [Log] $$     PREMIER_TC001 : LAUNCH AND LOGIN TO APPLICATION.CAPTURE CUSTOMER DETAILS     $$ 
2021-11-01 17:42:10,561 INFO  [Log] **************************************************************************************** 
2021-11-01 17:42:13,447 INFO  [Log] XXXXXXXXXXXXXXXXXXXXXXX             Iteration - 1             XXXXXXXXXXXXXXXXXXXXXX 
2021-11-01 17:42:13,449 INFO  [Log] Go To URL [https://navtest01.fiservse.net/nav_nav1151/nav1151.aspx] 
2021-11-01 17:42:18,707 INFO  [Log] Page Name [ Group Page]  ###  Field Name [Select Group]   ###   Action [SelectByVisibleTxt]    ###   Text [TL101]   ###   Locator [By.xpath: //select[@id='Group']] 
2021-11-01 17:42:18,804 INFO  [Log] Page Name [ Group Page]  ###  Field Name [Submit Button]   ###   Action [Click]    ###   Locator [By.xpath: //input[@name='Submit']] 
2021-11-01 17:42:21,272 INFO  [Log] Page Name [ Login Page]  ###  Field Name and Value [User = UATUSER1]   ###   Action [EnterText]    ###   Locator [By.xpath: //input[@id='PrincipalID']] 
2021-11-01 17:42:21,344 INFO  [Log] Page Name [ Login Page]  ###  Field Name and Value [Password = A2B65Fiserv]   ###   Action [EnterText]    ###   Locator [By.xpath: //input[@id='PrincipalPWD']] 
2021-11-01 17:42:21,428 INFO  [Log] Page Name [ Login Page]  ###  Field Name and Value [Institution = 01]   ###   Action [ClearAndType]    ###   Locator [By.xpath: //input[@id='OrgID']] 
2021-11-01 17:42:21,533 INFO  [Log] Page Name [ Login Page]  ###  Field Name [Submit Button]   ###   Action [Click]    ###   Locator [By.xpath: //input[@id='submitButton']] 
2021-11-01 17:42:24,328 INFO  [Log] Page Name [ Home Page]  ###  Field Name [Customer Menu ]   ###   Action [Click]    ###   Locator [By.xpath: //a[@data-key='Customer']] 
2021-11-01 17:42:25,863 INFO  [Log] Page Name [ Home Page]  ###  Field Name [Customer Inquiry]   ###   Action [Click]    ###   Locator [By.xpath: //a[text()='Customer Inquiry']] 
2021-11-01 17:42:27,234 INFO  [Log] Switch To Frame With Name As [Main] 
2021-11-01 17:42:27,279 INFO  [Log] Page Name [ Customer Inquiry Page]  ###  Field Name and Value [Name = 034-53-4567]   ###   Action [EnterText]    ###   Locator [By.xpath: //input[@name='TaxID']] 
2021-11-01 17:42:29,508 INFO  [Log] Page Name [ Customer Inquiry]  ###  Field Name [Submit]   ###   Action [Click]    ###   Locator [By.xpath: //button[@name='Submit']] 
2021-11-01 17:42:52,178 INFO  [Log] Switch To Default Content 
2021-11-01 17:42:53,490 INFO  [Log] Switch To Frame With Name As [Main] 
2021-11-01 17:42:53,514 INFO  [Log] Switch To Frame With Name As [bottom] 
2021-11-01 17:42:53,538 INFO  [Log] Page Name [ Customer Inquiry page]  ###  Field Name [Customer Analaysis Header]   ###   Action [WaitForPresence]    ###   Locator [By.xpath: //td[@id='Customer AnalysisText']] 
2021-11-01 17:42:53,555 INFO  [Log] Page Name [ Customer Inquiry]  ###  Field Name [See Additional Addresses]   ###   Action [Click]    ###   Locator [By.xpath: //u[text()='See Additional Addresses']] 
2021-11-01 17:42:54,688 INFO  [Log] Switch To Default Content 
2021-11-01 17:42:55,970 INFO  [Log] Switch To Frame With Name As [Main] 
2021-11-01 17:42:55,993 INFO  [Log] Switch To Frame With Name As [bottom] 
2021-11-01 17:42:56,019 INFO  [Log] Page Name [ Customer Inquiry page]  ###  Field Name [Summary Header]   ###   Action [WaitForPresence]    ###   Locator [By.xpath: //td[@id='SummaryText']] 
2021-11-01 17:42:56,032 INFO  [Log] Page Name [ Customer Inquiry Page]  ###  Field Name [Customer Expand]   ###   Action [Click]    ###   Locator [By.xpath: //td[contains(@id,'Customer')]] 
2021-11-01 17:42:56,156 INFO  [Log] Page Name [ Customer Inquiry Page]  ###  Field Name [Name Expand]   ###   Action [Click]    ###   Locator [By.xpath: //img[@class='csr-hand']] 
2021-11-01 17:42:56,269 INFO  [Log] Switch To Default Content 
2021-11-01 17:42:57,625 INFO  [Log] Switch To Frame With Name As [Main] 
2021-11-01 17:42:57,645 INFO  [Log] Switch To Frame With Name As [bottom] 
2021-11-01 17:42:57,665 INFO  [Log] Page Name [ Customer Inquiry]  ###  Field Name [Name]   ###   Action [GetElementText]    ###   Locator [By.xpath: (//td[@class=' tc-usr-information txt-left'])[2]] 
2021-11-01 17:42:57,968 INFO  [Log] Page Name [ Customer Inquiry]  ###  Field Name [Tax Identification]   ###   Action [GetElementText]    ###   Locator [By.xpath: (//td[@class=' tc-usr-information txt-right'])[1]] 
2021-11-01 17:42:58,047 INFO  [Log] Page Name [ Customer Inquiry]  ###  Field Name [Date of birth]   ###   Action [GetElementText]    ###   Locator [By.xpath: (//td[@class=' tc-usr-information txt-right'])[2]] 
2021-11-01 17:42:58,122 INFO  [Log] Page Name [ Customer Inquiry]  ###  Field Name [Email]   ###   Action [GetElementText]    ###   Locator [By.xpath: (//td[@class=' tc-usr-information txt-right'])[4]] 
2021-11-01 17:42:58,205 INFO  [Log] Page Name [ Customer Inquiry]  ###  Field Name [Phone Number]   ###   Action [GetElementText]    ###   Locator [By.xpath: (//td[@class=' tc-usr-information txt-right'])[3]] 
2021-11-01 17:42:58,361 INFO  [Log] Page Name [ Customer Inquiry]  ###  Field Name [Address1]   ###   Action [GetElementText]    ###   Locator [By.xpath: (//td[@class=' tc-usr-information txt-left'])[11]] 
2021-11-01 17:42:58,444 INFO  [Log] Page Name [ Customer Inquiry]  ###  Field Name [Address2]   ###   Action [GetElementText]    ###   Locator [By.xpath: (//td[@class=' tc-usr-information txt-left'])[12]] 
2021-11-01 17:42:58,549 INFO  [Log] Page Name [ Customer Inquiry]  ###  Field Name [City State Zip]   ###   Action [GetElementText]    ###   Locator [By.xpath: (//td[@class=' tc-usr-information txt-left'])[13]] 
2021-11-01 17:42:58,637 INFO  [Log] Page Name [ Customer Inquiry]  ###  Field Name [Relationship]   ###   Action [GetElementText]    ###   Locator [By.xpath: (//td[@class=' tc-usr-information txt-left'])[14]] 
2021-11-01 17:42:58,726 INFO  [Log] Switch To Default Content 
2021-11-01 17:43:05,351 INFO  [Log] XXXXXXXXXXXXXXXXXXXXXXX             -E---N---D- :    PREMIER_TC001             XXXXXXXXXXXXXXXXXXXXXX 
2021-11-01 17:43:05,351 INFO  [Log] X 
2021-11-01 17:43:05,351 INFO  [Log] X 
