2021-10-19 08:25:35,319 INFO  [Log] <<<<<<<<<<<<<         Execution Kick Off - Reading Master file         >>>>>>>>>>>>> 
2021-10-19 08:25:36,874 INFO  [Log] $$           Test Execution for Application : COMMERCIALCENTER           $$ 
2021-10-19 08:25:37,005 INFO  [Log] $$           Reading Test Case Details from 'COMMERCIALCENTER' sheet of Master file           $$ 
2021-10-19 08:25:37,006 INFO  [Log] **************************************************************************************** 
2021-10-19 08:25:37,006 INFO  [Log] $$     CC_ADMIN_TC001 : CREATE AND SEARCH COMPANY      $$ 
2021-10-19 08:25:37,015 INFO  [Log] **************************************************************************************** 
2021-10-19 08:25:41,842 INFO  [Log] XXXXXXXXXXXXXXXXXXXXXXX             Iteration - 1             XXXXXXXXXXXXXXXXXXXXXX 
2021-10-19 08:25:41,845 INFO  [Log] Go To URL [https://republiccert.olbanking.com/onlineMessenger] 
2021-10-19 08:25:55,195 INFO  [Log] Page Name [ Admin Login Page]  ###  Field Name and Value [CompanyID = training]   ###   Action [EnterText]    ###   Locator [By.xpath: //input[@id='company']] 
2021-10-19 08:25:55,331 INFO  [Log] Page Name [ Admin Login Page]  ###  Field Name and Value [UserID = admin11]   ###   Action [EnterText]    ###   Locator [By.xpath: //input[@id='user']] 
2021-10-19 08:25:55,529 INFO  [Log] Page Name [ Admin Login Page]  ###  Field Name [Login Button]   ###   Action [Click]    ###   Locator [By.xpath: //button[@id='login']] 
2021-10-19 08:25:59,202 INFO  [Log] Page Name [ Admin Login Page]  ###  Field Name [CompanyID]   ###   Action [ValidateTextEquals]    ###   Locator [By.xpath: //label[text()='Company ID']/parent::li/b] Expected Text [training] 
2021-10-19 08:25:59,317 INFO  [Log] Page Name [ Admin Login Page]  ###  Field Name [User ID]   ###   Action [ValidateTextEquals]    ###   Locator [By.xpath: //label[text()='User ID']/parent::li/b] Expected Text [admin11] 
2021-10-19 08:25:59,417 INFO  [Log] Page Name [ Admin Login Page]  ###  Field Name and Value [Password = Fiserv@1234]   ###   Action [EnterText]    ###   Locator [By.xpath: //input[@id='passwordPrompt']] 
2021-10-19 08:25:59,560 INFO  [Log] Page Name [ Admin Login Page]  ###  Field Name [Login Button]   ###   Action [Click]    ###   Locator [By.xpath: //button[@id='login']] 
2021-10-19 08:26:09,784 INFO  [Log] Get xpath for Field Name [Menu Bar Option] 
2021-10-19 08:26:16,780 INFO  [Log] Page Name [ Home Page] ### Field Name [Menu Bar] ### Action [Click]  
2021-10-19 08:26:19,932 INFO  [Log] Page Name [ Home Page] ### Field Name [Sub Menu Bar] ### Action [Click]  
2021-10-19 08:26:29,054 INFO  [Log] Page Name [ Admin Page]  ###  Field Name [Log Off button]   ###   Action [Click]    ###   Locator [By.xpath: //a[text()='Log Off']] 
2021-10-19 08:29:25,741 INFO  [Log] XXXXXXXXXXXXXXXXXXXXXXX             -E---N---D- :    CC_ADMIN_TC001             XXXXXXXXXXXXXXXXXXXXXX 
2021-10-19 08:29:25,742 INFO  [Log] X 
2021-10-19 08:29:25,742 INFO  [Log] X 
