2021-10-20 10:57:16,579 INFO  [Log] <<<<<<<<<<<<<         Execution Kick Off - Reading Master file         >>>>>>>>>>>>> 
2021-10-20 10:57:17,043 INFO  [Log] $$           Test Execution for Application : COMMERCIALCENTER           $$ 
2021-10-20 10:57:17,087 INFO  [Log] $$           Reading Test Case Details from 'COMMERCIALCENTER' sheet of Master file           $$ 
2021-10-20 10:57:17,087 INFO  [Log] **************************************************************************************** 
2021-10-20 10:57:17,087 INFO  [Log] $$     CC_ADMIN_TC001 : CREATE AND SEARCH COMPANY      $$ 
2021-10-20 10:57:17,087 INFO  [Log] **************************************************************************************** 
2021-10-20 10:57:19,129 INFO  [Log] XXXXXXXXXXXXXXXXXXXXXXX             Iteration - 1             XXXXXXXXXXXXXXXXXXXXXX 
2021-10-20 10:57:19,131 INFO  [Log] Go To URL [https://republiccert.olbanking.com/onlineMessenger] 
2021-10-20 10:57:31,263 INFO  [Log] Page Name [ Admin Login Page]  ###  Field Name and Value [CompanyID = training]   ###   Action [EnterText]    ###   Locator [By.xpath: //input[@id='company']] 
2021-10-20 10:57:31,329 INFO  [Log] Page Name [ Admin Login Page]  ###  Field Name and Value [UserID = admin11]   ###   Action [EnterText]    ###   Locator [By.xpath: //input[@id='user']] 
2021-10-20 10:57:31,404 INFO  [Log] Page Name [ Admin Login Page]  ###  Field Name [Login Button]   ###   Action [Click]    ###   Locator [By.xpath: //button[@id='login']] 
2021-10-20 10:57:34,639 INFO  [Log] Page Name [ Admin Login Page]  ###  Field Name [CompanyID]   ###   Action [ValidateTextEquals]    ###   Locator [By.xpath: //label[text()='Company ID']/parent::li/b] Expected Text [training] 
2021-10-20 10:57:34,679 INFO  [Log] Page Name [ Admin Login Page]  ###  Field Name [User ID]   ###   Action [ValidateTextEquals]    ###   Locator [By.xpath: //label[text()='User ID']/parent::li/b] Expected Text [admin11] 
2021-10-20 10:57:34,719 INFO  [Log] Page Name [ Admin Login Page]  ###  Field Name and Value [Password = Fiserv@1234]   ###   Action [EnterText]    ###   Locator [By.xpath: //input[@id='passwordPrompt']] 
2021-10-20 10:57:34,769 INFO  [Log] Page Name [ Admin Login Page]  ###  Field Name [Login Button]   ###   Action [Click]    ###   Locator [By.xpath: //button[@id='login']] 
2021-10-20 10:57:43,378 INFO  [Log] Get xpath for Field Name [Menu Bar Option] 
2021-10-20 10:57:49,854 INFO  [Log] Page Name [ Home Page] ### Field Name [Menu Bar] ### Action [Click]  
2021-10-20 10:57:52,370 INFO  [Log] Page Name [ Home Page] ### Field Name [Sub Menu Bar] ### Action [Click]  
2021-10-20 10:58:01,589 INFO  [Log] Page Name [ Admin Search Companies Page]  ###  Field Name [Create Company Button]   ###   Action [Click]    ###   Locator [By.xpath: //button[@id='createCompany']] 
2021-10-20 10:58:10,865 INFO  [Log] Page Name [ Admin Page]  ###  Field Name [Log Off button]   ###   Action [Click]    ###   Locator [By.xpath: //a[text()='Log Off']] 
2021-10-20 10:58:15,534 INFO  [Log] XXXXXXXXXXXXXXXXXXXXXXX             -E---N---D- :    CC_ADMIN_TC001             XXXXXXXXXXXXXXXXXXXXXX 
2021-10-20 10:58:15,534 INFO  [Log] X 
2021-10-20 10:58:15,534 INFO  [Log] X 
