2021-10-28 21:20:46,244 INFO  [Log] <<<<<<<<<<<<<         Execution Kick Off - Reading Master file         >>>>>>>>>>>>> 
2021-10-28 21:20:47,693 INFO  [Log] $$           Test Execution for Application : PREMIER           $$ 
2021-10-28 21:20:47,821 INFO  [Log] $$           Reading Test Case Details from 'PREMIER' sheet of Master file           $$ 
2021-10-28 21:20:47,822 INFO  [Log] **************************************************************************************** 
2021-10-28 21:20:47,822 INFO  [Log] $$     PREMIER_TC001 : LAUNCH AND LOGIN TO APPLICATION.CAPTURE CUSTOMER DETAILS     $$ 
2021-10-28 21:20:47,829 INFO  [Log] **************************************************************************************** 
2021-10-28 21:20:52,262 INFO  [Log] XXXXXXXXXXXXXXXXXXXXXXX             Iteration - 1             XXXXXXXXXXXXXXXXXXXXXX 
2021-10-28 21:20:52,265 INFO  [Log] Go To URL [https://navtest01.fiservse.net/nav_nav1151/nav1151.aspx] 
2021-10-28 21:20:57,601 INFO  [Log] Page Name [ Group Page]  ###  Field Name [Select Group]   ###   Action [SelectByVisibleTxt]    ###   Text [TL101]   ###   Locator [By.xpath: //select[@id='Group']] 
2021-10-28 21:20:57,836 INFO  [Log] Page Name [ Group Page]  ###  Field Name [Submit Button]   ###   Action [Click]    ###   Locator [By.xpath: //input[@name='Submit']] 
2021-10-28 21:21:00,811 INFO  [Log] Page Name [ Login Page]  ###  Field Name and Value [User = UATUSER1]   ###   Action [EnterText]    ###   Locator [By.xpath: //input[@id='PrincipalID']] 
2021-10-28 21:21:00,980 INFO  [Log] Page Name [ Login Page]  ###  Field Name and Value [Password = A2B65Fiserv]   ###   Action [EnterText]    ###   Locator [By.xpath: //input[@id='PrincipalPWD']] 
2021-10-28 21:21:01,170 INFO  [Log] Page Name [ Login Page]  ###  Field Name and Value [Institution = 01]   ###   Action [ClearAndType]    ###   Locator [By.xpath: //input[@id='OrgID']] 
2021-10-28 21:21:01,492 INFO  [Log] Page Name [ Login Page]  ###  Field Name [Submit Button]   ###   Action [Click]    ###   Locator [By.xpath: //input[@id='submitButton']] 
2021-10-28 21:21:04,879 INFO  [Log] Page Name [ Home Page]  ###  Field Name [Customer Menu ]   ###   Action [Click]    ###   Locator [By.xpath: //a[@data-key='Customer']] 
2021-10-28 21:21:06,599 INFO  [Log] Page Name [ Home Page]  ###  Field Name [Customer Inquiry]   ###   Action [Click]    ###   Locator [By.xpath: //a[text()='Customer Inquiry']] 
2021-10-28 21:21:08,327 INFO  [Log] Switch To Frame With Name As [Main] 
2021-10-28 21:21:14,571 INFO  [Log] Page Name [ Customer Inquiry Page]  ###  Field Name and Value [Name = 034-53-4567]   ###   Action [EnterText]    ###   Locator [By.xpath: //input[@name='TaxID']] 
2021-10-28 21:21:14,765 INFO  [Log] Page Name [ Customer Inquiry]  ###  Field Name [Submit]   ###   Action [Click]    ###   Locator [By.xpath: //button[@name='Submit']] 
2021-10-28 21:21:37,724 INFO  [Log] Switch To Default Content 
2021-10-28 21:21:58,189 INFO  [Log] Switch To Frame With Name As [Main] 
2021-10-28 21:22:02,526 INFO  [Log] Switch To Frame With Name As [bottom] 
2021-10-28 21:22:05,461 INFO  [Log] Page Name [ Customer Inquiry page]  ###  Field Name [Customer Analaysis Header]   ###   Action [WaitForPresence]    ###   Locator [By.xpath: //td[@id='Customer AnalysisText']] 
2021-10-28 21:22:05,526 INFO  [Log] Page Name [ Customer Inquiry]  ###  Field Name [See Additional Addresses]   ###   Action [Click]    ###   Locator [By.xpath: //u[text()='See Additional Addresses']] 
2021-10-28 21:22:07,024 INFO  [Log] Switch To Default Content 
2021-10-28 21:22:23,306 INFO  [Log] Switch To Frame With Name As [Main] 
2021-10-28 21:22:30,631 INFO  [Log] Switch To Frame With Name As [bottom] 
2021-10-28 21:22:35,672 INFO  [Log] Page Name [ Customer Inquiry page]  ###  Field Name [Summary Header]   ###   Action [WaitForPresence]    ###   Locator [By.xpath: //td[@id='SummaryText']] 
2021-10-28 21:22:35,724 INFO  [Log] Page Name [ Customer Inquiry Page]  ###  Field Name [Customer Expand]   ###   Action [Click]    ###   Locator [By.xpath: //td[contains(@id,'Customer')]] 
2021-10-28 21:22:41,694 INFO  [Log] Page Name [ Customer Inquiry Page]  ###  Field Name [Name Expand]   ###   Action [Click]    ###   Locator [By.xpath: //img[@class='csr-hand']] 
2021-10-28 21:22:42,033 INFO  [Log] Switch To Default Content 
2021-10-28 21:23:03,303 INFO  [Log] Switch To Frame With Name As [Main] 
2021-10-28 21:23:08,227 INFO  [Log] Switch To Frame With Name As [bottom] 
2021-10-28 21:23:10,842 INFO  [Log] Page Name [ Customer Inquiry]  ###  Field Name [Name]   ###   Action [GetElementText]    ###   Locator [By.xpath: (//td[@class=' tc-usr-information txt-left'])[2]] 
2021-10-28 21:23:46,475 INFO  [Log] XXXXXXXXXXXXXXXXXXXXXXX             -E---N---D- :    PREMIER_TC001             XXXXXXXXXXXXXXXXXXXXXX 
2021-10-28 21:23:46,475 INFO  [Log] X 
2021-10-28 21:23:46,475 INFO  [Log] X 
