2021-11-01 13:51:51,275 INFO  [Log] <<<<<<<<<<<<<         Execution Kick Off - Reading Master file         >>>>>>>>>>>>> 
2021-11-01 13:51:53,047 INFO  [Log] $$           Test Execution for Application : PREMIER           $$ 
2021-11-01 13:51:53,183 INFO  [Log] $$           Reading Test Case Details from 'PREMIER' sheet of Master file           $$ 
2021-11-01 13:51:53,184 INFO  [Log] **************************************************************************************** 
2021-11-01 13:51:53,184 INFO  [Log] $$     PREMIER_TC001 : LAUNCH AND LOGIN TO APPLICATION.CAPTURE CUSTOMER DETAILS     $$ 
2021-11-01 13:51:53,184 INFO  [Log] **************************************************************************************** 
2021-11-01 13:51:57,919 INFO  [Log] XXXXXXXXXXXXXXXXXXXXXXX             Iteration - 1             XXXXXXXXXXXXXXXXXXXXXX 
2021-11-01 13:51:57,925 INFO  [Log] Go To URL [https://navtest01.fiservse.net/nav_nav1151/nav1151.aspx] 
2021-11-01 13:52:41,114 ERROR [Log] Could not go To URL [https://navtest01.fiservse.net/nav_nav1151/nav1151.aspx] 
org.openqa.selenium.WebDriverException: unknown error: net::ERR_CONNECTION_TIMED_OUT
  (Session info: chrome=95.0.4638.54)
Build info: version: '3.9.1', revision: '63f7b50', time: '2018-02-07T22:25:02.294Z'
System info: host: 'NOI-5CD1218R56', ip: '192.168.1.43', os.name: 'Windows 10', os.arch: 'amd64', os.version: '10.0', java.version: '1.8.0_301'
Driver info: org.openqa.selenium.chrome.ChromeDriver
Capabilities {acceptInsecureCerts: false, browserName: chrome, browserVersion: 95.0.4638.54, chrome: {chromedriverVersion: 94.0.4606.61 (418b78f5838ed..., userDataDir: C:\Users\F9Z2G8A\AppData\Lo...}, goog:chromeOptions: {debuggerAddress: localhost:64335}, javascriptEnabled: true, networkConnectionEnabled: false, pageLoadStrategy: normal, platform: WINDOWS, platformName: WINDOWS, proxy: Proxy(), setWindowRect: true, strictFileInteractability: false, timeouts: {implicit: 0, pageLoad: 300000, script: 30000}, unhandledPromptBehavior: accept, webauthn:extension:credBlob: true, webauthn:extension:largeBlob: true, webauthn:virtualAuthenticators: true}
Session ID: b2b19410388fcfa0022d4f629310a259
	at sun.reflect.NativeConstructorAccessorImpl.newInstance0(Native Method)
	at sun.reflect.NativeConstructorAccessorImpl.newInstance(NativeConstructorAccessorImpl.java:62)
	at sun.reflect.DelegatingConstructorAccessorImpl.newInstance(DelegatingConstructorAccessorImpl.java:45)
	at java.lang.reflect.Constructor.newInstance(Constructor.java:423)
	at org.openqa.selenium.remote.http.W3CHttpResponseCodec.createException(W3CHttpResponseCodec.java:187)
	at org.openqa.selenium.remote.http.W3CHttpResponseCodec.decode(W3CHttpResponseCodec.java:122)
	at org.openqa.selenium.remote.http.W3CHttpResponseCodec.decode(W3CHttpResponseCodec.java:49)
	at org.openqa.selenium.remote.HttpCommandExecutor.execute(HttpCommandExecutor.java:160)
	at org.openqa.selenium.remote.service.DriverCommandExecutor.execute(DriverCommandExecutor.java:83)
	at org.openqa.selenium.remote.RemoteWebDriver.execute(RemoteWebDriver.java:601)
	at org.openqa.selenium.remote.RemoteWebDriver.get(RemoteWebDriver.java:325)
	at testframe.application.common.CommonLibrary.goTo(CommonLibrary.java:57)
	at testframe.application.premier.pages.Premier_Login.launchApplication(Premier_Login.java:41)
	at testframe.application.premier.businessflow.PremierTest.executeTestCase(PremierTest.java:100)
	at testframe.application.common.SelectApplicationFlow.executeApplicationFlow(SelectApplicationFlow.java:51)
	at testframe.runmanager.RunDriver.navigateToTest(RunDriver.java:78)
	at sun.reflect.NativeMethodAccessorImpl.invoke0(Native Method)
	at sun.reflect.NativeMethodAccessorImpl.invoke(NativeMethodAccessorImpl.java:62)
	at sun.reflect.DelegatingMethodAccessorImpl.invoke(DelegatingMethodAccessorImpl.java:43)
	at java.lang.reflect.Method.invoke(Method.java:498)
	at org.testng.internal.MethodInvocationHelper.invokeMethod(MethodInvocationHelper.java:104)
	at org.testng.internal.Invoker.invokeMethod(Invoker.java:645)
	at org.testng.internal.Invoker.invokeTestMethod(Invoker.java:851)
	at org.testng.internal.Invoker.invokeTestMethods(Invoker.java:1177)
	at org.testng.internal.TestMethodWorker.invokeTestMethods(TestMethodWorker.java:129)
	at org.testng.internal.TestMethodWorker.run(TestMethodWorker.java:112)
	at org.testng.TestRunner.privateRun(TestRunner.java:756)
	at org.testng.TestRunner.run(TestRunner.java:610)
	at org.testng.SuiteRunner.runTest(SuiteRunner.java:387)
	at org.testng.SuiteRunner.runSequentially(SuiteRunner.java:382)
	at org.testng.SuiteRunner.privateRun(SuiteRunner.java:340)
	at org.testng.SuiteRunner.run(SuiteRunner.java:289)
	at org.testng.SuiteRunnerWorker.runSuite(SuiteRunnerWorker.java:52)
	at org.testng.SuiteRunnerWorker.run(SuiteRunnerWorker.java:86)
	at org.testng.TestNG.runSuitesSequentially(TestNG.java:1293)
	at org.testng.TestNG.runSuitesLocally(TestNG.java:1218)
	at org.testng.TestNG.runSuites(TestNG.java:1133)
	at org.testng.TestNG.run(TestNG.java:1104)
	at org.testng.remote.AbstractRemoteTestNG.run(AbstractRemoteTestNG.java:132)
	at org.testng.remote.RemoteTestNG.initAndRun(RemoteTestNG.java:230)
	at org.testng.remote.RemoteTestNG.main(RemoteTestNG.java:76)
2021-11-01 13:52:42,552 INFO  [Log] Page Name [ Group Page]  ###  Field Name [Select Group]   ###   Action [SelectByVisibleTxt]    ###   Text [TL101]   ###   Locator [By.xpath: //select[@id='Group']] 
