2021-11-01 16:34:25,867 INFO  [Log] <<<<<<<<<<<<<         Execution Kick Off - Reading Master file         >>>>>>>>>>>>> 
2021-11-01 16:34:27,368 INFO  [Log] $$           Test Execution for Application : PREMIER           $$ 
2021-11-01 16:34:27,489 INFO  [Log] $$           Reading Test Case Details from 'PREMIER' sheet of Master file           $$ 
2021-11-01 16:34:27,489 INFO  [Log] **************************************************************************************** 
2021-11-01 16:34:27,489 INFO  [Log] $$     PREMIER_TC001 : LAUNCH AND LOGIN TO APPLICATION.CAPTURE CUSTOMER DETAILS     $$ 
2021-11-01 16:34:27,497 INFO  [Log] **************************************************************************************** 
2021-11-01 16:34:32,358 INFO  [Log] XXXXXXXXXXXXXXXXXXXXXXX             Iteration - 1             XXXXXXXXXXXXXXXXXXXXXX 
2021-11-01 16:34:32,371 INFO  [Log] Go To URL [https://navtest01.fiservse.net/nav_nav1151/nav1151.aspx] 
2021-11-01 16:34:38,066 INFO  [Log] Page Name [ Group Page]  ###  Field Name [Select Group]   ###   Action [SelectByVisibleTxt]    ###   Text [TL101]   ###   Locator [By.xpath: //select[@id='Group']] 
2021-11-01 16:34:38,304 INFO  [Log] Page Name [ Group Page]  ###  Field Name [Submit Button]   ###   Action [Click]    ###   Locator [By.xpath: //input[@name='Submit']] 
2021-11-01 16:34:42,420 INFO  [Log] Page Name [ Login Page]  ###  Field Name and Value [User = UATUSER1]   ###   Action [EnterText]    ###   Locator [By.xpath: //input[@id='PrincipalID']] 
2021-11-01 16:34:42,829 INFO  [Log] Page Name [ Login Page]  ###  Field Name and Value [Password = A2B65Fiserv]   ###   Action [EnterText]    ###   Locator [By.xpath: //input[@id='PrincipalPWD']] 
2021-11-01 16:34:43,367 INFO  [Log] Page Name [ Login Page]  ###  Field Name and Value [Institution = 01]   ###   Action [ClearAndType]    ###   Locator [By.xpath: //input[@id='OrgID']] 
2021-11-01 16:34:45,763 INFO  [Log] Page Name [ Login Page]  ###  Field Name [Submit Button]   ###   Action [Click]    ###   Locator [By.xpath: //input[@id='submitButton']] 
2021-11-01 16:34:53,018 INFO  [Log] Page Name [ Home Page]  ###  Field Name [Customer Menu ]   ###   Action [Click]    ###   Locator [By.xpath: //a[@data-key='Customer']] 
2021-11-01 16:34:56,268 INFO  [Log] Page Name [ Home Page]  ###  Field Name [Customer Inquiry]   ###   Action [Click]    ###   Locator [By.xpath: //a[text()='Customer Inquiry']] 
2021-11-01 16:34:59,414 INFO  [Log] Switch To Frame With Name As [Main] 
2021-11-01 16:35:02,040 INFO  [Log] Page Name [ Customer Inquiry Page]  ###  Field Name and Value [Name = 034-53-4567]   ###   Action [EnterText]    ###   Locator [By.xpath: //input[@name='TaxID']] 
2021-11-01 16:35:02,454 INFO  [Log] Page Name [ Customer Inquiry]  ###  Field Name [Submit]   ###   Action [Click]    ###   Locator [By.xpath: //button[@name='Submit']] 
2021-11-01 16:35:27,832 INFO  [Log] Switch To Default Content 
2021-11-01 16:35:29,514 INFO  [Log] Switch To Frame With Name As [Main] 
2021-11-01 16:35:29,585 INFO  [Log] Switch To Frame With Name As [bottom] 
2021-11-01 16:35:29,679 INFO  [Log] Page Name [ Customer Inquiry page]  ###  Field Name [Customer Analaysis Header]   ###   Action [WaitForPresence]    ###   Locator [By.xpath: //td[@id='Customer AnalysisText']] 
2021-11-01 16:35:29,739 INFO  [Log] Page Name [ Customer Inquiry]  ###  Field Name [See Additional Addresses]   ###   Action [Click]    ###   Locator [By.xpath: //u[text()='See Additional Addresses']] 
2021-11-01 16:35:31,737 INFO  [Log] Switch To Default Content 
2021-11-01 16:35:33,498 INFO  [Log] Switch To Frame With Name As [Main] 
2021-11-01 16:35:33,556 INFO  [Log] Switch To Frame With Name As [bottom] 
2021-11-01 16:35:33,621 INFO  [Log] Page Name [ Customer Inquiry page]  ###  Field Name [Summary Header]   ###   Action [WaitForPresence]    ###   Locator [By.xpath: //td[@id='SummaryText']] 
2021-11-01 16:35:33,658 INFO  [Log] Page Name [ Customer Inquiry Page]  ###  Field Name [Customer Expand]   ###   Action [Click]    ###   Locator [By.xpath: //td[contains(@id,'Customer')]] 
2021-11-01 16:35:33,980 INFO  [Log] Page Name [ Customer Inquiry Page]  ###  Field Name [Name Expand]   ###   Action [Click]    ###   Locator [By.xpath: //img[@class='csr-hand']] 
2021-11-01 16:35:34,298 INFO  [Log] Switch To Default Content 
2021-11-01 16:35:36,035 INFO  [Log] Switch To Frame With Name As [Main] 
2021-11-01 16:35:36,081 INFO  [Log] Switch To Frame With Name As [bottom] 
2021-11-01 16:35:36,128 INFO  [Log] Page Name [ Customer Inquiry]  ###  Field Name [Name]   ###   Action [GetElementText]    ###   Locator [By.xpath: (//td[@class=' tc-usr-information txt-left'])[2]] 
2021-11-01 16:35:36,958 INFO  [Log] Page Name [ Customer Inquiry]  ###  Field Name [Tax Identification]   ###   Action [GetElementText]    ###   Locator [By.xpath: (//td[@class=' tc-usr-information txt-right'])[1]] 
2021-11-01 16:35:37,208 INFO  [Log] Page Name [ Customer Inquiry]  ###  Field Name [Date of birth]   ###   Action [GetElementText]    ###   Locator [By.xpath: (//td[@class=' tc-usr-information txt-right'])[2]] 
2021-11-01 16:36:01,221 INFO  [Log] Page Name [ Customer Inquiry]  ###  Field Name [Email]   ###   Action [GetElementText]    ###   Locator [By.xpath: (//td[@class=' tc-usr-information txt-right'])[4]] 
2021-11-01 16:36:01,424 INFO  [Log] Page Name [ Customer Inquiry]  ###  Field Name [Phone Number]   ###   Action [GetElementText]    ###   Locator [By.xpath: (//td[@class=' tc-usr-information txt-right'])[3]] 
2021-11-01 16:36:01,596 INFO  [Log] Page Name [ Customer Inquiry]  ###  Field Name [Address1]   ###   Action [GetElementText]    ###   Locator [By.xpath: (//td[@class=' tc-usr-information txt-left'])[11]] 
2021-11-01 16:36:01,778 INFO  [Log] Page Name [ Customer Inquiry]  ###  Field Name [Address2]   ###   Action [GetElementText]    ###   Locator [By.xpath: (//td[@class=' tc-usr-information txt-left'])[12]] 
2021-11-01 16:36:01,940 INFO  [Log] Page Name [ Customer Inquiry]  ###  Field Name [City State Zip]   ###   Action [GetElementText]    ###   Locator [By.xpath: (//td[@class=' tc-usr-information txt-left'])[13]] 
2021-11-01 16:36:02,096 INFO  [Log] Page Name [ Customer Inquiry]  ###  Field Name [Relationship]   ###   Action [GetElementText]    ###   Locator [By.xpath: (//td[@class=' tc-usr-information txt-left'])[14]] 
2021-11-01 16:36:02,332 INFO  [Log] Switch To Default Content 
2021-11-01 16:36:11,216 INFO  [Log] XXXXXXXXXXXXXXXXXXXXXXX             -E---N---D- :    PREMIER_TC001             XXXXXXXXXXXXXXXXXXXXXX 
2021-11-01 16:36:11,216 INFO  [Log] X 
2021-11-01 16:36:11,217 INFO  [Log] X 
