2021-10-27 13:14:17,376 INFO  [Log] <<<<<<<<<<<<<         Execution Kick Off - Reading Master file         >>>>>>>>>>>>> 
2021-10-27 13:14:19,105 INFO  [Log] $$           Test Execution for Application : COMMERCIALCENTER           $$ 
2021-10-27 13:14:19,268 INFO  [Log] $$           Reading Test Case Details from 'COMMERCIALCENTER' sheet of Master file           $$ 
2021-10-27 13:14:19,268 INFO  [Log] **************************************************************************************** 
2021-10-27 13:14:19,269 INFO  [Log] $$     CC_CORP_TC003 : INIATIATE ACCOUNT TRANSFER (SAVING - LOAN)     $$ 
2021-10-27 13:14:19,275 INFO  [Log] **************************************************************************************** 
2021-10-27 13:14:25,133 INFO  [Log] XXXXXXXXXXXXXXXXXXXXXXX             Iteration - 1             XXXXXXXXXXXXXXXXXXXXXX 
2021-10-27 13:14:25,137 INFO  [Log] Go To URL [https://republiccert.olbanking.com/corporate] 
2021-10-27 13:15:46,856 INFO  [Log] Page Name [ Corporate Login Page]  ###  Field Name and Value [CompanyID = FGS_Company03]   ###   Action [EnterText]    ###   Locator [By.xpath: //input[@id='companyId']] 
2021-10-27 13:15:47,133 INFO  [Log] Page Name [ Corporate Login Page]  ###  Field Name and Value [UserID = FGS_User06]   ###   Action [EnterText]    ###   Locator [By.xpath: //input[@id='userId']] 
2021-10-27 13:15:47,392 INFO  [Log] Page Name [ Corporate Login Page]  ###  Field Name [Login Button]   ###   Action [Click]    ###   Locator [By.xpath: //button[text()='Login']] 
2021-10-27 13:15:49,439 INFO  [Log] Page Name [ Corporate Login Page]  ###  Field Name and Value [Password = Fiserv@1234]   ###   Action [EnterText]    ###   Locator [By.xpath: //input[@id='password']] 
2021-10-27 13:15:49,643 INFO  [Log] Page Name [ Corporate Login Page]  ###  Field Name [Login Button]   ###   Action [Click]    ###   Locator [By.xpath: //button[text()='Login']] 
2021-10-27 13:15:49,801 INFO  [Log] Get xpath for Field Name [Menu Bar Option] 
2021-10-27 13:16:06,016 INFO  [Log] Page Name [ Corporate Home Page]  ###  Field Name [Menu Bar]   ###   Action [Click]    ###   Locator [By.xpath: //a[@title='Menu']] 
2021-10-27 13:16:06,294 INFO  [Log] Page Name [ Corporate Home Page] ### Field Name [Menu Bar] ### Action [Click]  
2021-10-27 13:16:10,467 INFO  [Log] Page Name [ Home Page] ### Field Name [Sub Menu Bar] ### Action [Click]  
2021-10-27 13:16:21,096 INFO  [Log] Page Name [ Corporate Account Transfer]  ###  Field Name and Value [From Account = *3111 - SDA (USD)]   ###   Action [EnterText]    ###   Locator [By.xpath: //label[@class='d-lg-none'][text()='From Account']/../../../..//button[contains(@aria-label,'add account')]/parent::div/preceding-sibling::div[1]//input[@id='fromAccount']] 
2021-10-27 13:16:23,825 INFO  [Log] Page Name [ Corporate Account Transfer]  ###  Field Name and Value [From Account Amount = 25]   ###   Action [EnterText]    ###   Locator [By.xpath: //input[@id='fromAmount']] 
2021-10-27 13:16:28,137 INFO  [Log] Page Name [ Corporate Account Transfer]  ###  Field Name and Value [To Account = *5125 - Loans (USD)]   ###   Action [EnterText]    ###   Locator [By.xpath: //input[@id='toAccount0']] 
2021-10-27 13:16:30,706 INFO  [Log] Get xpath for Field Name [To Account Memo] 
2021-10-27 13:16:30,706 INFO  [Log] Page Name [ Corporate Account Transfer]  ###  Field Name and Value [To Account Memo = PPF]   ###   Action [EnterText]    ###   Locator [By.xpath: //input[@id='toMemo0']] 
2021-10-27 13:16:34,959 INFO  [Log] Page Name [ Corporate Account Transfer]  ###  Field Name [To Account Payment Instruction]   ###   Action [Click]    ###   Locator [By.xpath: (//p-dropdown[@inputid='toPaymentInstruction']//span[text()='Select'])[1]] 
2021-10-27 13:16:40,376 INFO  [Log] Page Name [ Corporate Account Transfer] ### Field Name [To Account Payment Instruction] ### Action [Click]  
2021-10-27 13:16:46,631 INFO  [Log] Page Name [ Corporate Account Transfer]  ###  Field Name [Transfer Date]   ###   Action [DoubleClick]    ###   Locator [By.xpath: //button[@aria-label='Request Transfer']] 
2021-10-27 13:16:48,867 INFO  [Log] Page Name [ Account Transfer Review]  ###  Field Name [Account Review Title]   ###   Action [Click]    ###   Locator [By.xpath: //h3[text()='Please confirm this transfer']] 
2021-10-27 13:16:50,274 INFO  [Log] Page Name [ Account Transfer Review]  ###  Field Name [fromAcc_review title]   ###   Action [Click]    ###   Locator [By.xpath: //th[text()='From Account']] 
2021-10-27 13:16:51,595 INFO  [Log] Page Name [ Account Transfer Review] ### Field Name and value [fromAcc_review = *3111 - SDA] ### Action [ValidateDDTxt] ### Locator [By.xpath: (//td[@class='bordered-last-column']/../../preceding-sibling::tbody/tr/td[1]/span)[1]] 
2021-10-27 13:16:51,595 INFO  [Log] Page Name [ Account Transfer Review]  ###  Field Name [fromAcc_review]   ###   Action [GetElementText]    ###   Locator [By.xpath: (//td[@class='bordered-last-column']/../../preceding-sibling::tbody/tr/td[1]/span)[1]] 
2021-10-27 13:16:51,775 INFO  [Log] Page Name [ Account Transfer Review] ### Field Name and value [toAcc_review = *5125 - Loans] ### Action [ValidateDDTxt] ### Locator [By.xpath: (//td[@class='bordered-last-column']/../../preceding-sibling::tbody/tr/td[2]/span)[1]] 
2021-10-27 13:16:51,775 INFO  [Log] Page Name [ Account Transfer Review]  ###  Field Name [toAcc_review]   ###   Action [GetElementText]    ###   Locator [By.xpath: (//td[@class='bordered-last-column']/../../preceding-sibling::tbody/tr/td[2]/span)[1]] 
2021-10-27 13:16:51,931 INFO  [Log] Page Name [ Account Transfer Review] ### Field Name and value [toAccMemo_review = PPF] ### Action [ValidateDDTxt] ### Locator [By.xpath: (//td[@class='bordered-last-column']/../../preceding-sibling::tbody/tr/td[3])[1]] 
2021-10-27 13:16:51,932 INFO  [Log] Page Name [ Account Transfer Review]  ###  Field Name [toAccMemo_review]   ###   Action [GetElementText]    ###   Locator [By.xpath: (//td[@class='bordered-last-column']/../../preceding-sibling::tbody/tr/td[3])[1]] 
2021-10-27 13:16:52,087 INFO  [Log] Page Name [ Account Transfer Review] ### Field Name and value [toAccMemo_review = Principal Only] ### Action [ValidateDDTxt] ### Locator [By.xpath: (//td[@class='bordered-last-column']/../../preceding-sibling::tbody/tr/td[4])[1]] 
2021-10-27 13:16:52,087 INFO  [Log] Page Name [ Account Transfer Review]  ###  Field Name [toAccMemo_review]   ###   Action [GetElementText]    ###   Locator [By.xpath: (//td[@class='bordered-last-column']/../../preceding-sibling::tbody/tr/td[4])[1]] 
2021-10-27 13:16:52,246 INFO  [Log] Page Name [ Account Transfer Review] ### Field Name and value [amt_review = $25.00] ### Action [ValidateDDTxt] ### Locator [By.xpath: (//td[@class='bordered-last-column']/../../preceding-sibling::tbody/tr/td[5])[1]] 
2021-10-27 13:16:52,246 INFO  [Log] Page Name [ Account Transfer Review]  ###  Field Name [amt_review]   ###   Action [GetElementText]    ###   Locator [By.xpath: (//td[@class='bordered-last-column']/../../preceding-sibling::tbody/tr/td[5])[1]] 
2021-10-27 13:16:54,346 INFO  [Log] Page Name [ Corporate Account Transfer Review]  ###  Field Name [Confirm Button]   ###   Action [Click]    ###   Locator [By.xpath: //button[text()='Confirm']] 
