2021-10-20 09:20:36,208 INFO  [Log] <<<<<<<<<<<<<         Execution Kick Off - Reading Master file         >>>>>>>>>>>>> 
2021-10-20 09:20:37,499 INFO  [Log] $$           Test Execution for Application : COMMERCIALCENTER           $$ 
2021-10-20 09:20:37,594 INFO  [Log] $$           Reading Test Case Details from 'COMMERCIALCENTER' sheet of Master file           $$ 
2021-10-20 09:20:37,594 INFO  [Log] **************************************************************************************** 
2021-10-20 09:20:37,594 INFO  [Log] $$     CC_ADMIN_TC001 : CREATE AND SEARCH COMPANY      $$ 
2021-10-20 09:20:37,601 INFO  [Log] **************************************************************************************** 
2021-10-20 09:20:41,853 INFO  [Log] XXXXXXXXXXXXXXXXXXXXXXX             Iteration - 1             XXXXXXXXXXXXXXXXXXXXXX 
2021-10-20 09:20:41,857 INFO  [Log] Go To URL [https://republiccert.olbanking.com/onlineMessenger] 
2021-10-20 09:21:11,611 INFO  [Log] Page Name [ Admin Login Page]  ###  Field Name and Value [CompanyID = training]   ###   Action [EnterText]    ###   Locator [By.xpath: //input[@id='company']] 
2021-10-20 09:21:11,758 INFO  [Log] Page Name [ Admin Login Page]  ###  Field Name and Value [UserID = admin11]   ###   Action [EnterText]    ###   Locator [By.xpath: //input[@id='user']] 
2021-10-20 09:21:11,961 INFO  [Log] Page Name [ Admin Login Page]  ###  Field Name [Login Button]   ###   Action [Click]    ###   Locator [By.xpath: //button[@id='login']] 
2021-10-20 09:21:17,033 INFO  [Log] Page Name [ Admin Login Page]  ###  Field Name [CompanyID]   ###   Action [ValidateTextEquals]    ###   Locator [By.xpath: //label[text()='Company ID']/parent::li/b] Expected Text [training] 
2021-10-20 09:21:17,144 INFO  [Log] Page Name [ Admin Login Page]  ###  Field Name [User ID]   ###   Action [ValidateTextEquals]    ###   Locator [By.xpath: //label[text()='User ID']/parent::li/b] Expected Text [admin11] 
2021-10-20 09:21:17,254 INFO  [Log] Page Name [ Admin Login Page]  ###  Field Name and Value [Password = Fiserv@1234]   ###   Action [EnterText]    ###   Locator [By.xpath: //input[@id='passwordPrompt']] 
2021-10-20 09:21:17,411 INFO  [Log] Page Name [ Admin Login Page]  ###  Field Name [Login Button]   ###   Action [Click]    ###   Locator [By.xpath: //button[@id='login']] 
2021-10-20 09:21:29,250 INFO  [Log] Get xpath for Field Name [Menu Bar Option] 
2021-10-20 09:21:36,565 INFO  [Log] Page Name [ Home Page] ### Field Name [Menu Bar] ### Action [Click]  
2021-10-20 09:21:39,759 INFO  [Log] Page Name [ Home Page] ### Field Name [Sub Menu Bar] ### Action [Click]  
2021-10-20 09:21:51,578 INFO  [Log] Page Name [ Admin Search Companies Page]  ###  Field Name [Create Company Button]   ###   Action [Click]    ###   Locator [By.xpath: //button[@id='createCompany']] 
2021-10-20 09:22:21,982 INFO  [Log] Page Name [ Admin Page]  ###  Field Name [Log Off button]   ###   Action [Click]    ###   Locator [By.xpath: //a[text()='Log Off']] 
