2021-11-01 15:08:43,103 INFO  [Log] <<<<<<<<<<<<<         Execution Kick Off - Reading Master file         >>>>>>>>>>>>> 
2021-11-01 15:08:44,691 INFO  [Log] $$           Test Execution for Application : PREMIER           $$ 
2021-11-01 15:08:44,813 INFO  [Log] $$           Reading Test Case Details from 'PREMIER' sheet of Master file           $$ 
2021-11-01 15:08:44,813 INFO  [Log] **************************************************************************************** 
2021-11-01 15:08:44,814 INFO  [Log] $$     PREMIER_TC001 : LAUNCH AND LOGIN TO APPLICATION.CAPTURE CUSTOMER DETAILS     $$ 
2021-11-01 15:08:44,820 INFO  [Log] **************************************************************************************** 
2021-11-01 15:08:49,633 INFO  [Log] XXXXXXXXXXXXXXXXXXXXXXX             Iteration - 1             XXXXXXXXXXXXXXXXXXXXXX 
2021-11-01 15:08:49,637 INFO  [Log] Go To URL [https://navtest01.fiservse.net/nav_nav1151/nav1151.aspx] 
2021-11-01 15:08:55,485 INFO  [Log] Page Name [ Group Page]  ###  Field Name [Select Group]   ###   Action [SelectByVisibleTxt]    ###   Text [TL101]   ###   Locator [By.xpath: //select[@id='Group']] 
2021-11-01 15:08:55,717 INFO  [Log] Page Name [ Group Page]  ###  Field Name [Submit Button]   ###   Action [Click]    ###   Locator [By.xpath: //input[@name='Submit']] 
2021-11-01 15:08:58,538 INFO  [Log] Page Name [ Login Page]  ###  Field Name and Value [User = UATUSER1]   ###   Action [EnterText]    ###   Locator [By.xpath: //input[@id='PrincipalID']] 
2021-11-01 15:08:58,691 INFO  [Log] Page Name [ Login Page]  ###  Field Name and Value [Password = A2B65Fiserv]   ###   Action [EnterText]    ###   Locator [By.xpath: //input[@id='PrincipalPWD']] 
2021-11-01 15:08:58,948 INFO  [Log] Page Name [ Login Page]  ###  Field Name and Value [Institution = 01]   ###   Action [ClearAndType]    ###   Locator [By.xpath: //input[@id='OrgID']] 
2021-11-01 15:08:59,166 INFO  [Log] Page Name [ Login Page]  ###  Field Name [Submit Button]   ###   Action [Click]    ###   Locator [By.xpath: //input[@id='submitButton']] 
2021-11-01 15:09:05,026 INFO  [Log] Page Name [ Home Page]  ###  Field Name [Customer Menu ]   ###   Action [Click]    ###   Locator [By.xpath: //a[@data-key='Customer']] 
2021-11-01 15:09:08,429 INFO  [Log] Page Name [ Home Menu Page]  ###  Field Name [name field]   ###   Action [Click]    ###   Locator [By.xpath: //a[text()='Names']] 
2021-11-01 15:09:08,675 INFO  [Log] Page Name [ Home Menu Page]  ###  Field Name [new name field]   ###   Action [Click]    ###   Locator [By.xpath: //a[text()='New Name']] 
2021-11-01 15:09:24,065 INFO  [Log] Page Name [ New Name Page]  ###  Field Name and Value [Name field = Jimmy Garrett]   ###   Action [EnterText]    ###   Locator [By.xpath: (//label[text()='Name:'])[1]/../following-sibling::td/input] 
2021-11-01 15:09:24,273 INFO  [Log] Page Name [ New Name Page] ### Field Name and value [First Name = Jimmy] ### Action [ValidateDDTxt] ### Locator [By.xpath: (//label[text()='First Name:'])[1]/../following-sibling::td/input] 
2021-11-01 15:09:24,273 INFO  [Log] Page Name [ New Name Page]  ###  Field Name [First Name]   ###   Action [GetElementText]    ###   Locator [By.xpath: (//label[text()='First Name:'])[1]/../following-sibling::td/input] 
2021-11-01 15:09:24,379 INFO  [Log] Page Name [ New Name Page] ### Field Name and value [Last Name = Garrett] ### Action [ValidateDDTxt] ### Locator [By.xpath: (//label[text()='Last Name:'])[1]/../following-sibling::td/input] 
2021-11-01 15:09:24,379 INFO  [Log] Page Name [ New Name Page]  ###  Field Name [Last Name]   ###   Action [GetElementText]    ###   Locator [By.xpath: (//label[text()='Last Name:'])[1]/../following-sibling::td/input] 
2021-11-01 15:09:24,483 INFO  [Log] Page Name [ New Name Page]  ###  Field Name and Value [Date of Birth = 10/28/1978]   ###   Action [EnterText]    ###   Locator [By.xpath: (//label[text()='Date of Birth:'])[1]/../following-sibling::td/div/input] 
2021-11-01 15:09:24,710 INFO  [Log] Page Name [ New Name Page]  ###  Field Name and Value [Tax Identification = 034-53-4567]   ###   Action [EnterText]    ###   Locator [By.xpath: (//label[text()='Tax ID Number:'])[1]/../following-sibling::td/input] 
2021-11-01 15:09:24,936 INFO  [Log] Page Name [ New Name Page]  ###  Field Name [Next Button]   ###   Action [Click]    ###   Locator [By.xpath: //button[@id='NextButton']] 
2021-11-01 15:09:28,232 INFO  [Log] Page Name [ New Name Page]  ###  Field Name [Next Button]   ###   Action [Click]    ###   Locator [By.xpath: //button[@id='NextButton']] 
2021-11-01 15:09:29,982 INFO  [Log] Page Name [ New Name Page]  ###  Field Name [Phone Number]   ###   Action [Click]    ###   Locator [By.xpath: //a[@id='lnkPhone']] 
2021-11-01 15:09:31,111 INFO  [Log] Page Name [ New Name Page]  ###  Field Name and Value [Phone Number = 345-6234]   ###   Action [EnterText]    ###   Locator [By.xpath: (//input[contains(@name,'PhoneNumber')])[1]] 
2021-11-01 15:09:31,233 INFO  [Log] Page Name [ New Name Page]  ###  Field Name [Email link]   ###   Action [Click]    ###   Locator [By.xpath: //a[@id='lnkEmail']] 
2021-11-01 15:09:32,404 INFO  [Log] Page Name [ New Name Page]  ###  Field Name and Value [Phone Number = Garrett.jimmy@Test.com]   ###   Action [EnterText]    ###   Locator [By.xpath: (//input[contains(@name,'ContactInfo')])[1]] 
2021-11-01 15:09:32,596 INFO  [Log] Page Name [ New Name Page]  ###  Field Name [Next Button]   ###   Action [Click]    ###   Locator [By.xpath: //button[@id='NextButton']] 
