2021-11-01 14:47:28,905 INFO  [Log] <<<<<<<<<<<<<         Execution Kick Off - Reading Master file         >>>>>>>>>>>>> 
2021-11-01 14:47:29,767 INFO  [Log] $$           Test Execution for Application : PREMIER           $$ 
2021-11-01 14:47:29,827 INFO  [Log] $$           Reading Test Case Details from 'PREMIER' sheet of Master file           $$ 
2021-11-01 14:47:29,827 INFO  [Log] **************************************************************************************** 
2021-11-01 14:47:29,827 INFO  [Log] $$     PREMIER_TC001 : LAUNCH AND LOGIN TO APPLICATION.CAPTURE CUSTOMER DETAILS     $$ 
2021-11-01 14:47:29,828 INFO  [Log] **************************************************************************************** 
2021-11-01 14:47:32,393 INFO  [Log] XXXXXXXXXXXXXXXXXXXXXXX             Iteration - 1             XXXXXXXXXXXXXXXXXXXXXX 
2021-11-01 14:47:32,395 INFO  [Log] Go To URL [https://navtest01.fiservse.net/nav_nav1151/nav1151.aspx] 
2021-11-01 14:47:37,747 INFO  [Log] Page Name [ Group Page]  ###  Field Name [Select Group]   ###   Action [SelectByVisibleTxt]    ###   Text [TL101]   ###   Locator [By.xpath: //select[@id='Group']] 
2021-11-01 14:47:37,847 INFO  [Log] Page Name [ Group Page]  ###  Field Name [Submit Button]   ###   Action [Click]    ###   Locator [By.xpath: //input[@name='Submit']] 
2021-11-01 14:47:40,311 INFO  [Log] Page Name [ Login Page]  ###  Field Name and Value [User = UATUSER1]   ###   Action [EnterText]    ###   Locator [By.xpath: //input[@id='PrincipalID']] 
2021-11-01 14:47:40,387 INFO  [Log] Page Name [ Login Page]  ###  Field Name and Value [Password = A2B65Fiserv]   ###   Action [EnterText]    ###   Locator [By.xpath: //input[@id='PrincipalPWD']] 
2021-11-01 14:47:40,476 INFO  [Log] Page Name [ Login Page]  ###  Field Name and Value [Institution = 01]   ###   Action [ClearAndType]    ###   Locator [By.xpath: //input[@id='OrgID']] 
2021-11-01 14:47:40,583 INFO  [Log] Page Name [ Login Page]  ###  Field Name [Submit Button]   ###   Action [Click]    ###   Locator [By.xpath: //input[@id='submitButton']] 
2021-11-01 14:47:43,344 INFO  [Log] Page Name [ Home Page]  ###  Field Name [Customer Menu ]   ###   Action [Click]    ###   Locator [By.xpath: //a[@data-key='Customer']] 
2021-11-01 14:47:44,664 INFO  [Log] Page Name [ Home Menu Page]  ###  Field Name [name field]   ###   Action [Click]    ###   Locator [By.xpath: //a[text()='Names']] 
2021-11-01 14:47:44,727 INFO  [Log] Page Name [ Home Menu Page]  ###  Field Name [new name field]   ###   Action [Click]    ###   Locator [By.xpath: //a[text()='New Name']] 
2021-11-01 14:47:55,867 INFO  [Log] Page Name [ New Name Page]  ###  Field Name and Value [Name field = Jimmy Garrett]   ###   Action [EnterText]    ###   Locator [By.xpath: (//label[text()='Name:'])[1]/../following-sibling::td/input] 
2021-11-01 14:47:55,934 INFO  [Log] Page Name [ New Name Page] ### Field Name and value [First Name = Jimmy] ### Action [ValidateDDTxt] ### Locator [By.xpath: (//label[text()='First Name:'])[1]/../following-sibling::td/input] 
2021-11-01 14:47:55,934 INFO  [Log] Page Name [ New Name Page]  ###  Field Name [First Name]   ###   Action [GetElementText]    ###   Locator [By.xpath: (//label[text()='First Name:'])[1]/../following-sibling::td/input] 
2021-11-01 14:47:55,984 INFO  [Log] Page Name [ New Name Page] ### Field Name and value [Last Name = Garrett] ### Action [ValidateDDTxt] ### Locator [By.xpath: (//label[text()='Last Name:'])[1]/../following-sibling::td/input] 
2021-11-01 14:47:55,984 INFO  [Log] Page Name [ New Name Page]  ###  Field Name [Last Name]   ###   Action [GetElementText]    ###   Locator [By.xpath: (//label[text()='Last Name:'])[1]/../following-sibling::td/input] 
2021-11-01 14:47:56,026 INFO  [Log] Page Name [ New Name Page]  ###  Field Name and Value [Date of Birth = 10/28/1978]   ###   Action [EnterText]    ###   Locator [By.xpath: (//label[text()='Date of Birth:'])[1]/../following-sibling::td/div/input] 
2021-11-01 14:47:56,122 INFO  [Log] Page Name [ New Name Page]  ###  Field Name and Value [Tax Identification = 034-53-4567]   ###   Action [EnterText]    ###   Locator [By.xpath: (//label[text()='Tax ID Number:'])[1]/../following-sibling::td/input] 
2021-11-01 14:47:56,219 INFO  [Log] Page Name [ New Name Page]  ###  Field Name [Next Button]   ###   Action [Click]    ###   Locator [By.xpath: //button[@id='NextButton']] 
2021-11-01 14:47:59,263 INFO  [Log] Page Name [ New Name Page]  ###  Field Name [Next Button]   ###   Action [Click]    ###   Locator [By.xpath: //button[@id='NextButton']] 
2021-11-01 14:48:00,543 INFO  [Log] Page Name [ New Name Page]  ###  Field Name [Phone Number]   ###   Action [Click]    ###   Locator [By.xpath: //a[@id='lnkPhone']] 
2021-11-01 14:48:00,641 INFO  [Log] Page Name [ New Name Page]  ###  Field Name and Value [Phone Number = 345-6234]   ###   Action [EnterText]    ###   Locator [By.xpath: (//input[contains(@name,'PhoneNumber')])[1]] 
2021-11-01 14:48:00,674 INFO  [Log] Page Name [ New Name Page]  ###  Field Name and Value [Phone Number = 345-6234]   ###   Action [EnterText]    ###   Locator [By.xpath: (//input[contains(@name,'PhoneNumber')])[1]] 
2021-11-01 14:49:50,780 ERROR [Log] Could Not Enter Text [345-6234] On Page Name [ New Name Page]  And  Field Name [Phone Number] 
org.openqa.selenium.ElementNotInteractableException: element not interactable
  (Session info: chrome=95.0.4638.54)
Build info: version: '3.9.1', revision: '63f7b50', time: '2018-02-07T22:25:02.294Z'
System info: host: 'NOI-5CD1218R56', ip: '192.168.1.43', os.name: 'Windows 10', os.arch: 'amd64', os.version: '10.0', java.version: '1.8.0_301'
Driver info: org.openqa.selenium.chrome.ChromeDriver
Capabilities {acceptInsecureCerts: false, browserName: chrome, browserVersion: 95.0.4638.54, chrome: {chromedriverVersion: 94.0.4606.61 (418b78f5838ed..., userDataDir: C:\Users\F9Z2G8A\AppData\Lo...}, goog:chromeOptions: {debuggerAddress: localhost:58378}, javascriptEnabled: true, networkConnectionEnabled: false, pageLoadStrategy: normal, platform: WINDOWS, platformName: WINDOWS, proxy: Proxy(), setWindowRect: true, strictFileInteractability: false, timeouts: {implicit: 0, pageLoad: 300000, script: 30000}, unhandledPromptBehavior: accept, webauthn:extension:credBlob: true, webauthn:extension:largeBlob: true, webauthn:virtualAuthenticators: true}
Session ID: 6b980ade2722b04bf3e57a6a7b1923c9
	at sun.reflect.NativeConstructorAccessorImpl.newInstance0(Native Method)
	at sun.reflect.NativeConstructorAccessorImpl.newInstance(NativeConstructorAccessorImpl.java:62)
	at sun.reflect.DelegatingConstructorAccessorImpl.newInstance(DelegatingConstructorAccessorImpl.java:45)
	at java.lang.reflect.Constructor.newInstance(Constructor.java:423)
	at org.openqa.selenium.remote.http.W3CHttpResponseCodec.createException(W3CHttpResponseCodec.java:187)
	at org.openqa.selenium.remote.http.W3CHttpResponseCodec.decode(W3CHttpResponseCodec.java:122)
	at org.openqa.selenium.remote.http.W3CHttpResponseCodec.decode(W3CHttpResponseCodec.java:49)
	at org.openqa.selenium.remote.HttpCommandExecutor.execute(HttpCommandExecutor.java:160)
	at org.openqa.selenium.remote.service.DriverCommandExecutor.execute(DriverCommandExecutor.java:83)
	at org.openqa.selenium.remote.RemoteWebDriver.execute(RemoteWebDriver.java:601)
	at org.openqa.selenium.remote.RemoteWebElement.execute(RemoteWebElement.java:279)
	at org.openqa.selenium.remote.RemoteWebElement.sendKeys(RemoteWebElement.java:100)
	at testframe.application.common.CommonLibrary.enterText(CommonLibrary.java:401)
	at testframe.application.premier.pages.Premier_CustomerNewName.createNewName(Premier_CustomerNewName.java:71)
	at testframe.application.premier.businessflow.PremierTest.executeTestCase(PremierTest.java:112)
	at testframe.application.common.SelectApplicationFlow.executeApplicationFlow(SelectApplicationFlow.java:51)
	at testframe.runmanager.RunDriver.navigateToTest(RunDriver.java:78)
	at sun.reflect.NativeMethodAccessorImpl.invoke0(Native Method)
	at sun.reflect.NativeMethodAccessorImpl.invoke(NativeMethodAccessorImpl.java:62)
	at sun.reflect.DelegatingMethodAccessorImpl.invoke(DelegatingMethodAccessorImpl.java:43)
	at java.lang.reflect.Method.invoke(Method.java:498)
	at org.testng.internal.MethodInvocationHelper.invokeMethod(MethodInvocationHelper.java:104)
	at org.testng.internal.Invoker.invokeMethod(Invoker.java:645)
	at org.testng.internal.Invoker.invokeTestMethod(Invoker.java:851)
	at org.testng.internal.Invoker.invokeTestMethods(Invoker.java:1177)
	at org.testng.internal.TestMethodWorker.invokeTestMethods(TestMethodWorker.java:129)
	at org.testng.internal.TestMethodWorker.run(TestMethodWorker.java:112)
	at org.testng.TestRunner.privateRun(TestRunner.java:756)
	at org.testng.TestRunner.run(TestRunner.java:610)
	at org.testng.SuiteRunner.runTest(SuiteRunner.java:387)
	at org.testng.SuiteRunner.runSequentially(SuiteRunner.java:382)
	at org.testng.SuiteRunner.privateRun(SuiteRunner.java:340)
	at org.testng.SuiteRunner.run(SuiteRunner.java:289)
	at org.testng.SuiteRunnerWorker.runSuite(SuiteRunnerWorker.java:52)
	at org.testng.SuiteRunnerWorker.run(SuiteRunnerWorker.java:86)
	at org.testng.TestNG.runSuitesSequentially(TestNG.java:1293)
	at org.testng.TestNG.runSuitesLocally(TestNG.java:1218)
	at org.testng.TestNG.runSuites(TestNG.java:1133)
	at org.testng.TestNG.run(TestNG.java:1104)
	at org.testng.remote.AbstractRemoteTestNG.run(AbstractRemoteTestNG.java:132)
	at org.testng.remote.RemoteTestNG.initAndRun(RemoteTestNG.java:230)
	at org.testng.remote.RemoteTestNG.main(RemoteTestNG.java:76)
2021-11-01 14:49:55,149 INFO  [Log] XXXXXXXXXXXXXXXXXXXXXXX             -E---N---D- :    PREMIER_TC001             XXXXXXXXXXXXXXXXXXXXXX 
2021-11-01 14:49:55,149 INFO  [Log] X 
2021-11-01 14:49:55,149 INFO  [Log] X 
